{"D:\\Otodidak\\DICODING\\proyekStupend\\backend-learning-app\\src\\api\\developer_journey_tutorial_questions\\controller.js": {"path":"D:\\Otodidak\\DICODING\\proyekStupend\\backend-learning-app\\src\\api\\developer_journey_tutorial_questions\\controller.js","statementMap":{"0":{"start":{"line":1,"column":24},"end":{"line":1,"column":52}},"1":{"start":{"line":7,"column":32},"end":{"line":7,"column":101}},"2":{"start":{"line":9,"column":14},"end":{"line":21,"column":1}},"3":{"start":{"line":10,"column":4},"end":{"line":20,"column":5}},"4":{"start":{"line":11,"column":31},"end":{"line":11,"column":41}},"5":{"start":{"line":12,"column":34},"end":{"line":12,"column":75}},"6":{"start":{"line":13,"column":8},"end":{"line":17,"column":10}},"7":{"start":{"line":19,"column":8},"end":{"line":19,"column":17}},"8":{"start":{"line":23,"column":15},"end":{"line":35,"column":1}},"9":{"start":{"line":24,"column":4},"end":{"line":34,"column":5}},"10":{"start":{"line":26,"column":23},"end":{"line":26,"column":56}},"11":{"start":{"line":27,"column":8},"end":{"line":31,"column":10}},"12":{"start":{"line":33,"column":8},"end":{"line":33,"column":17}},"13":{"start":{"line":37,"column":13},"end":{"line":49,"column":1}},"14":{"start":{"line":38,"column":4},"end":{"line":48,"column":5}},"15":{"start":{"line":39,"column":43},"end":{"line":39,"column":53}},"16":{"start":{"line":40,"column":33},"end":{"line":40,"column":86}},"17":{"start":{"line":41,"column":8},"end":{"line":45,"column":10}},"18":{"start":{"line":47,"column":8},"end":{"line":47,"column":17}},"19":{"start":{"line":51,"column":15},"end":{"line":62,"column":1}},"20":{"start":{"line":52,"column":4},"end":{"line":61,"column":5}},"21":{"start":{"line":53,"column":23},"end":{"line":53,"column":56}},"22":{"start":{"line":54,"column":8},"end":{"line":58,"column":10}},"23":{"start":{"line":60,"column":8},"end":{"line":60,"column":17}},"24":{"start":{"line":64,"column":16},"end":{"line":75,"column":1}},"25":{"start":{"line":65,"column":4},"end":{"line":74,"column":5}},"26":{"start":{"line":66,"column":23},"end":{"line":66,"column":57}},"27":{"start":{"line":67,"column":8},"end":{"line":71,"column":10}},"28":{"start":{"line":73,"column":8},"end":{"line":73,"column":17}},"29":{"start":{"line":78,"column":0},"end":{"line":78,"column":56}}},"fnMap":{"0":{"name":"(anonymous_0)","decl":{"start":{"line":9,"column":14},"end":{"line":9,"column":15}},"loc":{"start":{"line":9,"column":40},"end":{"line":21,"column":1}},"line":9},"1":{"name":"(anonymous_1)","decl":{"start":{"line":23,"column":15},"end":{"line":23,"column":16}},"loc":{"start":{"line":23,"column":41},"end":{"line":35,"column":1}},"line":23},"2":{"name":"(anonymous_2)","decl":{"start":{"line":37,"column":13},"end":{"line":37,"column":14}},"loc":{"start":{"line":37,"column":39},"end":{"line":49,"column":1}},"line":37},"3":{"name":"(anonymous_3)","decl":{"start":{"line":51,"column":15},"end":{"line":51,"column":16}},"loc":{"start":{"line":51,"column":41},"end":{"line":62,"column":1}},"line":51},"4":{"name":"(anonymous_4)","decl":{"start":{"line":64,"column":16},"end":{"line":64,"column":17}},"loc":{"start":{"line":64,"column":42},"end":{"line":75,"column":1}},"line":64}},"branchMap":{},"s":{"0":2,"1":2,"2":2,"3":7,"4":7,"5":7,"6":4,"7":3,"8":2,"9":7,"10":7,"11":2,"12":5,"13":2,"14":6,"15":6,"16":6,"17":2,"18":4,"19":2,"20":7,"21":7,"22":3,"23":4,"24":2,"25":7,"26":7,"27":2,"28":5,"29":2},"f":{"0":7,"1":7,"2":6,"3":7,"4":7},"b":{},"_coverageSchema":"1a1c01bbd47fc00a2c39e90264f33305004495a9","hash":"6542d6fce13301a2c6806082c140634107c27239"}
,"D:\\Otodidak\\DICODING\\proyekStupend\\backend-learning-app\\src\\api\\developer_journey_tutorial_questions\\router.js": {"path":"D:\\Otodidak\\DICODING\\proyekStupend\\backend-learning-app\\src\\api\\developer_journey_tutorial_questions\\router.js","statementMap":{"0":{"start":{"line":1,"column":16},"end":{"line":1,"column":34}},"1":{"start":{"line":2,"column":13},"end":{"line":2,"column":46}},"2":{"start":{"line":3,"column":17},"end":{"line":3,"column":54}},"3":{"start":{"line":4,"column":71},"end":{"line":4,"column":136}},"4":{"start":{"line":6,"column":46},"end":{"line":6,"column":69}},"5":{"start":{"line":7,"column":15},"end":{"line":7,"column":31}},"6":{"start":{"line":9,"column":0},"end":{"line":9,"column":59}},"7":{"start":{"line":10,"column":0},"end":{"line":10,"column":101}},"8":{"start":{"line":11,"column":0},"end":{"line":11,"column":70}},"9":{"start":{"line":12,"column":0},"end":{"line":12,"column":112}},"10":{"start":{"line":13,"column":0},"end":{"line":13,"column":76}},"11":{"start":{"line":15,"column":0},"end":{"line":15,"column":24}}},"fnMap":{},"branchMap":{},"s":{"0":1,"1":1,"2":1,"3":1,"4":1,"5":1,"6":1,"7":1,"8":1,"9":1,"10":1,"11":1},"f":{},"b":{},"_coverageSchema":"1a1c01bbd47fc00a2c39e90264f33305004495a9","hash":"00f5035f4c96f97054c468034eca630d018389a9"}
,"D:\\Otodidak\\DICODING\\proyekStupend\\backend-learning-app\\src\\api\\developer_journey_tutorials\\controller.js": {"path":"D:\\Otodidak\\DICODING\\proyekStupend\\backend-learning-app\\src\\api\\developer_journey_tutorials\\controller.js","statementMap":{"0":{"start":{"line":1,"column":24},"end":{"line":1,"column":52}},"1":{"start":{"line":9,"column":4},"end":{"line":9,"column":64}},"2":{"start":{"line":11,"column":14},"end":{"line":23,"column":1}},"3":{"start":{"line":12,"column":4},"end":{"line":22,"column":5}},"4":{"start":{"line":13,"column":39},"end":{"line":13,"column":49}},"5":{"start":{"line":14,"column":23},"end":{"line":14,"column":80}},"6":{"start":{"line":15,"column":8},"end":{"line":19,"column":11}},"7":{"start":{"line":21,"column":8},"end":{"line":21,"column":18}},"8":{"start":{"line":25,"column":13},"end":{"line":37,"column":1}},"9":{"start":{"line":26,"column":4},"end":{"line":36,"column":5}},"10":{"start":{"line":27,"column":51},"end":{"line":27,"column":61}},"11":{"start":{"line":28,"column":23},"end":{"line":28,"column":91}},"12":{"start":{"line":29,"column":8},"end":{"line":33,"column":11}},"13":{"start":{"line":35,"column":8},"end":{"line":35,"column":18}},"14":{"start":{"line":39,"column":15},"end":{"line":50,"column":1}},"15":{"start":{"line":40,"column":4},"end":{"line":49,"column":5}},"16":{"start":{"line":41,"column":23},"end":{"line":41,"column":64}},"17":{"start":{"line":42,"column":8},"end":{"line":46,"column":11}},"18":{"start":{"line":48,"column":8},"end":{"line":48,"column":18}},"19":{"start":{"line":52,"column":15},"end":{"line":63,"column":1}},"20":{"start":{"line":53,"column":4},"end":{"line":62,"column":5}},"21":{"start":{"line":54,"column":23},"end":{"line":54,"column":64}},"22":{"start":{"line":55,"column":8},"end":{"line":59,"column":11}},"23":{"start":{"line":61,"column":8},"end":{"line":61,"column":18}},"24":{"start":{"line":65,"column":16},"end":{"line":77,"column":1}},"25":{"start":{"line":66,"column":4},"end":{"line":76,"column":5}},"26":{"start":{"line":67,"column":51},"end":{"line":67,"column":61}},"27":{"start":{"line":68,"column":23},"end":{"line":68,"column":91}},"28":{"start":{"line":69,"column":8},"end":{"line":73,"column":11}},"29":{"start":{"line":75,"column":8},"end":{"line":75,"column":18}},"30":{"start":{"line":79,"column":0},"end":{"line":85,"column":1}}},"fnMap":{"0":{"name":"(anonymous_0)","decl":{"start":{"line":11,"column":14},"end":{"line":11,"column":15}},"loc":{"start":{"line":11,"column":40},"end":{"line":23,"column":1}},"line":11},"1":{"name":"(anonymous_1)","decl":{"start":{"line":25,"column":13},"end":{"line":25,"column":14}},"loc":{"start":{"line":25,"column":39},"end":{"line":37,"column":1}},"line":25},"2":{"name":"(anonymous_2)","decl":{"start":{"line":39,"column":15},"end":{"line":39,"column":16}},"loc":{"start":{"line":39,"column":42},"end":{"line":50,"column":1}},"line":39},"3":{"name":"(anonymous_3)","decl":{"start":{"line":52,"column":15},"end":{"line":52,"column":16}},"loc":{"start":{"line":52,"column":41},"end":{"line":63,"column":1}},"line":52},"4":{"name":"(anonymous_4)","decl":{"start":{"line":65,"column":16},"end":{"line":65,"column":17}},"loc":{"start":{"line":65,"column":42},"end":{"line":77,"column":1}},"line":65}},"branchMap":{},"s":{"0":2,"1":2,"2":2,"3":2,"4":2,"5":2,"6":1,"7":1,"8":2,"9":2,"10":2,"11":2,"12":1,"13":1,"14":2,"15":2,"16":2,"17":1,"18":1,"19":2,"20":2,"21":2,"22":1,"23":1,"24":2,"25":2,"26":2,"27":2,"28":1,"29":1,"30":2},"f":{"0":2,"1":2,"2":2,"3":2,"4":2},"b":{},"_coverageSchema":"1a1c01bbd47fc00a2c39e90264f33305004495a9","hash":"4a78949137b8ef3ed347e8bf1f8a1fb470a40169"}
,"D:\\Otodidak\\DICODING\\proyekStupend\\backend-learning-app\\src\\api\\developer_journey_tutorials\\router.js": {"path":"D:\\Otodidak\\DICODING\\proyekStupend\\backend-learning-app\\src\\api\\developer_journey_tutorials\\router.js","statementMap":{"0":{"start":{"line":1,"column":16},"end":{"line":1,"column":34}},"1":{"start":{"line":2,"column":13},"end":{"line":2,"column":46}},"2":{"start":{"line":3,"column":17},"end":{"line":3,"column":54}},"3":{"start":{"line":4,"column":55},"end":{"line":4,"column":110}},"4":{"start":{"line":7,"column":49},"end":{"line":7,"column":72}},"5":{"start":{"line":8,"column":15},"end":{"line":8,"column":31}},"6":{"start":{"line":10,"column":0},"end":{"line":10,"column":66}},"7":{"start":{"line":11,"column":0},"end":{"line":11,"column":77}},"8":{"start":{"line":12,"column":0},"end":{"line":12,"column":100}},"9":{"start":{"line":13,"column":0},"end":{"line":13,"column":111}},"10":{"start":{"line":14,"column":0},"end":{"line":14,"column":83}},"11":{"start":{"line":16,"column":0},"end":{"line":16,"column":24}}},"fnMap":{},"branchMap":{},"s":{"0":1,"1":1,"2":1,"3":1,"4":1,"5":1,"6":1,"7":1,"8":1,"9":1,"10":1,"11":1},"f":{},"b":{},"_coverageSchema":"1a1c01bbd47fc00a2c39e90264f33305004495a9","hash":"80f019a25458b879b4f9f9c24d3d9c8f4041cc5a"}
,"D:\\Otodidak\\DICODING\\proyekStupend\\backend-learning-app\\src\\api\\developer_journeys\\controller.js": {"path":"D:\\Otodidak\\DICODING\\proyekStupend\\backend-learning-app\\src\\api\\developer_journeys\\controller.js","statementMap":{"0":{"start":{"line":1,"column":24},"end":{"line":1,"column":52}},"1":{"start":{"line":3,"column":87},"end":{"line":3,"column":138}},"2":{"start":{"line":5,"column":14},"end":{"line":16,"column":1}},"3":{"start":{"line":6,"column":4},"end":{"line":15,"column":5}},"4":{"start":{"line":7,"column":23},"end":{"line":7,"column":45}},"5":{"start":{"line":8,"column":8},"end":{"line":12,"column":10}},"6":{"start":{"line":14,"column":8},"end":{"line":14,"column":18}},"7":{"start":{"line":18,"column":15},"end":{"line":29,"column":1}},"8":{"start":{"line":19,"column":4},"end":{"line":28,"column":5}},"9":{"start":{"line":20,"column":23},"end":{"line":20,"column":47}},"10":{"start":{"line":21,"column":8},"end":{"line":25,"column":10}},"11":{"start":{"line":27,"column":8},"end":{"line":27,"column":18}},"12":{"start":{"line":31,"column":13},"end":{"line":42,"column":1}},"13":{"start":{"line":32,"column":4},"end":{"line":41,"column":5}},"14":{"start":{"line":33,"column":23},"end":{"line":33,"column":47}},"15":{"start":{"line":34,"column":8},"end":{"line":38,"column":10}},"16":{"start":{"line":40,"column":8},"end":{"line":40,"column":18}},"17":{"start":{"line":44,"column":15},"end":{"line":55,"column":1}},"18":{"start":{"line":45,"column":4},"end":{"line":54,"column":5}},"19":{"start":{"line":46,"column":23},"end":{"line":46,"column":47}},"20":{"start":{"line":47,"column":8},"end":{"line":51,"column":10}},"21":{"start":{"line":53,"column":8},"end":{"line":53,"column":18}},"22":{"start":{"line":57,"column":16},"end":{"line":68,"column":1}},"23":{"start":{"line":58,"column":4},"end":{"line":67,"column":5}},"24":{"start":{"line":59,"column":23},"end":{"line":59,"column":47}},"25":{"start":{"line":60,"column":8},"end":{"line":64,"column":10}},"26":{"start":{"line":66,"column":8},"end":{"line":66,"column":18}},"27":{"start":{"line":70,"column":0},"end":{"line":70,"column":58}}},"fnMap":{"0":{"name":"(anonymous_0)","decl":{"start":{"line":5,"column":14},"end":{"line":5,"column":15}},"loc":{"start":{"line":5,"column":40},"end":{"line":16,"column":1}},"line":5},"1":{"name":"(anonymous_1)","decl":{"start":{"line":18,"column":15},"end":{"line":18,"column":16}},"loc":{"start":{"line":18,"column":41},"end":{"line":29,"column":1}},"line":18},"2":{"name":"(anonymous_2)","decl":{"start":{"line":31,"column":13},"end":{"line":31,"column":14}},"loc":{"start":{"line":31,"column":39},"end":{"line":42,"column":1}},"line":31},"3":{"name":"(anonymous_3)","decl":{"start":{"line":44,"column":15},"end":{"line":44,"column":16}},"loc":{"start":{"line":44,"column":41},"end":{"line":55,"column":1}},"line":44},"4":{"name":"(anonymous_4)","decl":{"start":{"line":57,"column":16},"end":{"line":57,"column":17}},"loc":{"start":{"line":57,"column":42},"end":{"line":68,"column":1}},"line":57}},"branchMap":{},"s":{"0":1,"1":1,"2":1,"3":2,"4":2,"5":1,"6":1,"7":1,"8":2,"9":2,"10":1,"11":1,"12":1,"13":2,"14":2,"15":1,"16":1,"17":1,"18":2,"19":2,"20":1,"21":1,"22":1,"23":2,"24":2,"25":1,"26":1,"27":1},"f":{"0":2,"1":2,"2":2,"3":2,"4":2},"b":{},"_coverageSchema":"1a1c01bbd47fc00a2c39e90264f33305004495a9","hash":"f2dcefba46025da3eaef3d5f222cc33c7409a72e"}
,"D:\\Otodidak\\DICODING\\proyekStupend\\backend-learning-app\\src\\api\\developer_journeys\\router.js": {"path":"D:\\Otodidak\\DICODING\\proyekStupend\\backend-learning-app\\src\\api\\developer_journeys\\router.js","statementMap":{"0":{"start":{"line":1,"column":16},"end":{"line":1,"column":34}},"1":{"start":{"line":2,"column":13},"end":{"line":2,"column":46}},"2":{"start":{"line":3,"column":17},"end":{"line":3,"column":54}},"3":{"start":{"line":4,"column":52},"end":{"line":4,"column":98}},"4":{"start":{"line":6,"column":40},"end":{"line":6,"column":63}},"5":{"start":{"line":7,"column":15},"end":{"line":7,"column":31}},"6":{"start":{"line":10,"column":0},"end":{"line":10,"column":31}},"7":{"start":{"line":13,"column":0},"end":{"line":13,"column":70}},"8":{"start":{"line":15,"column":0},"end":{"line":15,"column":40}},"9":{"start":{"line":16,"column":0},"end":{"line":16,"column":73}},"10":{"start":{"line":18,"column":0},"end":{"line":18,"column":24}}},"fnMap":{},"branchMap":{},"s":{"0":0,"1":0,"2":0,"3":0,"4":0,"5":0,"6":0,"7":0,"8":0,"9":0,"10":0},"f":{},"b":{}}
,"D:\\Otodidak\\DICODING\\proyekStupend\\backend-learning-app\\src\\api\\tutorial_questions_options\\controller.js": {"path":"D:\\Otodidak\\DICODING\\proyekStupend\\backend-learning-app\\src\\api\\tutorial_questions_options\\controller.js","statementMap":{"0":{"start":{"line":1,"column":24},"end":{"line":1,"column":52}},"1":{"start":{"line":9,"column":4},"end":{"line":9,"column":63}},"2":{"start":{"line":11,"column":14},"end":{"line":22,"column":1}},"3":{"start":{"line":12,"column":4},"end":{"line":21,"column":5}},"4":{"start":{"line":13,"column":23},"end":{"line":13,"column":64}},"5":{"start":{"line":14,"column":8},"end":{"line":18,"column":11}},"6":{"start":{"line":20,"column":8},"end":{"line":20,"column":20}},"7":{"start":{"line":24,"column":15},"end":{"line":35,"column":1}},"8":{"start":{"line":25,"column":4},"end":{"line":34,"column":5}},"9":{"start":{"line":26,"column":23},"end":{"line":26,"column":62}},"10":{"start":{"line":27,"column":8},"end":{"line":31,"column":11}},"11":{"start":{"line":33,"column":8},"end":{"line":33,"column":20}},"12":{"start":{"line":37,"column":15},"end":{"line":48,"column":1}},"13":{"start":{"line":38,"column":4},"end":{"line":47,"column":5}},"14":{"start":{"line":39,"column":23},"end":{"line":39,"column":62}},"15":{"start":{"line":40,"column":8},"end":{"line":44,"column":11}},"16":{"start":{"line":46,"column":8},"end":{"line":46,"column":20}},"17":{"start":{"line":50,"column":16},"end":{"line":62,"column":1}},"18":{"start":{"line":51,"column":4},"end":{"line":61,"column":5}},"19":{"start":{"line":53,"column":23},"end":{"line":53,"column":62}},"20":{"start":{"line":54,"column":8},"end":{"line":58,"column":11}},"21":{"start":{"line":60,"column":8},"end":{"line":60,"column":20}},"22":{"start":{"line":64,"column":0},"end":{"line":64,"column":52}}},"fnMap":{"0":{"name":"(anonymous_0)","decl":{"start":{"line":11,"column":14},"end":{"line":11,"column":15}},"loc":{"start":{"line":11,"column":40},"end":{"line":22,"column":1}},"line":11},"1":{"name":"(anonymous_1)","decl":{"start":{"line":24,"column":15},"end":{"line":24,"column":16}},"loc":{"start":{"line":24,"column":41},"end":{"line":35,"column":1}},"line":24},"2":{"name":"(anonymous_2)","decl":{"start":{"line":37,"column":15},"end":{"line":37,"column":16}},"loc":{"start":{"line":37,"column":41},"end":{"line":48,"column":1}},"line":37},"3":{"name":"(anonymous_3)","decl":{"start":{"line":50,"column":16},"end":{"line":50,"column":17}},"loc":{"start":{"line":50,"column":42},"end":{"line":62,"column":1}},"line":50}},"branchMap":{},"s":{"0":1,"1":1,"2":1,"3":2,"4":2,"5":1,"6":1,"7":1,"8":2,"9":2,"10":1,"11":1,"12":1,"13":2,"14":2,"15":1,"16":1,"17":1,"18":2,"19":2,"20":1,"21":1,"22":1},"f":{"0":2,"1":2,"2":2,"3":2},"b":{},"_coverageSchema":"1a1c01bbd47fc00a2c39e90264f33305004495a9","hash":"7dd40dddb464af9e02931bc85cf735d92d346303"}
,"D:\\Otodidak\\DICODING\\proyekStupend\\backend-learning-app\\src\\api\\tutorial_questions_options\\router.js": {"path":"D:\\Otodidak\\DICODING\\proyekStupend\\backend-learning-app\\src\\api\\tutorial_questions_options\\router.js","statementMap":{"0":{"start":{"line":1,"column":16},"end":{"line":1,"column":34}},"1":{"start":{"line":2,"column":13},"end":{"line":2,"column":46}},"2":{"start":{"line":3,"column":17},"end":{"line":3,"column":54}},"3":{"start":{"line":4,"column":87},"end":{"line":4,"column":142}},"4":{"start":{"line":6,"column":15},"end":{"line":6,"column":31}},"5":{"start":{"line":8,"column":41},"end":{"line":8,"column":64}},"6":{"start":{"line":10,"column":0},"end":{"line":10,"column":58}},"7":{"start":{"line":11,"column":0},"end":{"line":11,"column":108}},"8":{"start":{"line":12,"column":0},"end":{"line":12,"column":117}},"9":{"start":{"line":13,"column":0},"end":{"line":13,"column":73}},"10":{"start":{"line":15,"column":0},"end":{"line":15,"column":23}}},"fnMap":{},"branchMap":{},"s":{"0":0,"1":0,"2":0,"3":0,"4":0,"5":0,"6":0,"7":0,"8":0,"9":0,"10":0},"f":{},"b":{}}
,"D:\\Otodidak\\DICODING\\proyekStupend\\backend-learning-app\\src\\api\\users\\controller.js": {"path":"D:\\Otodidak\\DICODING\\proyekStupend\\backend-learning-app\\src\\api\\users\\controller.js","statementMap":{"0":{"start":{"line":1,"column":24},"end":{"line":1,"column":52}},"1":{"start":{"line":2,"column":76},"end":{"line":2,"column":114}},"2":{"start":{"line":4,"column":17},"end":{"line":14,"column":1}},"3":{"start":{"line":5,"column":4},"end":{"line":13,"column":5}},"4":{"start":{"line":6,"column":23},"end":{"line":6,"column":46}},"5":{"start":{"line":7,"column":8},"end":{"line":10,"column":11}},"6":{"start":{"line":12,"column":8},"end":{"line":12,"column":18}},"7":{"start":{"line":16,"column":14},"end":{"line":26,"column":1}},"8":{"start":{"line":17,"column":4},"end":{"line":25,"column":5}},"9":{"start":{"line":18,"column":23},"end":{"line":18,"column":43}},"10":{"start":{"line":19,"column":8},"end":{"line":22,"column":11}},"11":{"start":{"line":24,"column":8},"end":{"line":24,"column":18}},"12":{"start":{"line":28,"column":16},"end":{"line":38,"column":1}},"13":{"start":{"line":29,"column":4},"end":{"line":37,"column":5}},"14":{"start":{"line":30,"column":23},"end":{"line":30,"column":52}},"15":{"start":{"line":31,"column":8},"end":{"line":34,"column":11}},"16":{"start":{"line":36,"column":8},"end":{"line":36,"column":18}},"17":{"start":{"line":40,"column":15},"end":{"line":50,"column":1}},"18":{"start":{"line":41,"column":4},"end":{"line":49,"column":5}},"19":{"start":{"line":42,"column":23},"end":{"line":42,"column":52}},"20":{"start":{"line":43,"column":8},"end":{"line":46,"column":11}},"21":{"start":{"line":48,"column":8},"end":{"line":48,"column":18}},"22":{"start":{"line":53,"column":0},"end":{"line":53,"column":54}}},"fnMap":{"0":{"name":"(anonymous_0)","decl":{"start":{"line":4,"column":17},"end":{"line":4,"column":18}},"loc":{"start":{"line":4,"column":43},"end":{"line":14,"column":1}},"line":4},"1":{"name":"(anonymous_1)","decl":{"start":{"line":16,"column":14},"end":{"line":16,"column":15}},"loc":{"start":{"line":16,"column":40},"end":{"line":26,"column":1}},"line":16},"2":{"name":"(anonymous_2)","decl":{"start":{"line":28,"column":16},"end":{"line":28,"column":17}},"loc":{"start":{"line":28,"column":42},"end":{"line":38,"column":1}},"line":28},"3":{"name":"(anonymous_3)","decl":{"start":{"line":40,"column":15},"end":{"line":40,"column":16}},"loc":{"start":{"line":40,"column":41},"end":{"line":50,"column":1}},"line":40}},"branchMap":{},"s":{"0":2,"1":2,"2":2,"3":4,"4":4,"5":2,"6":2,"7":2,"8":4,"9":4,"10":2,"11":2,"12":2,"13":2,"14":2,"15":1,"16":1,"17":2,"18":2,"19":2,"20":1,"21":1,"22":2},"f":{"0":4,"1":4,"2":2,"3":2},"b":{},"_coverageSchema":"1a1c01bbd47fc00a2c39e90264f33305004495a9","hash":"8ef4ad15d5ae2f5e50b62c9c04b1d8e28113c530"}
,"D:\\Otodidak\\DICODING\\proyekStupend\\backend-learning-app\\src\\api\\users\\router.js": {"path":"D:\\Otodidak\\DICODING\\proyekStupend\\backend-learning-app\\src\\api\\users\\router.js","statementMap":{"0":{"start":{"line":1,"column":16},"end":{"line":1,"column":34}},"1":{"start":{"line":3,"column":45},"end":{"line":3,"column":68}},"2":{"start":{"line":4,"column":15},"end":{"line":4,"column":31}},"3":{"start":{"line":5,"column":17},"end":{"line":5,"column":54}},"4":{"start":{"line":6,"column":46},"end":{"line":6,"column":79}},"5":{"start":{"line":8,"column":0},"end":{"line":8,"column":70}},"6":{"start":{"line":9,"column":0},"end":{"line":9,"column":61}},"7":{"start":{"line":10,"column":0},"end":{"line":10,"column":38}},"8":{"start":{"line":11,"column":0},"end":{"line":11,"column":38}},"9":{"start":{"line":14,"column":0},"end":{"line":14,"column":24}}},"fnMap":{},"branchMap":{},"s":{"0":1,"1":1,"2":1,"3":1,"4":1,"5":1,"6":1,"7":1,"8":1,"9":1},"f":{},"b":{},"_coverageSchema":"1a1c01bbd47fc00a2c39e90264f33305004495a9","hash":"242b74ba1cb41f7eb513525f5c1dd7a491c2317f"}
,"D:\\Otodidak\\DICODING\\proyekStupend\\backend-learning-app\\src\\errors\\bad-request.js": {"path":"D:\\Otodidak\\DICODING\\proyekStupend\\backend-learning-app\\src\\errors\\bad-request.js","statementMap":{"0":{"start":{"line":1,"column":24},"end":{"line":1,"column":52}},"1":{"start":{"line":3,"column":24},"end":{"line":3,"column":54}},"2":{"start":{"line":7,"column":4},"end":{"line":7,"column":19}},"3":{"start":{"line":9,"column":4},"end":{"line":9,"column":46}},"4":{"start":{"line":13,"column":0},"end":{"line":13,"column":28}}},"fnMap":{"0":{"name":"(anonymous_0)","decl":{"start":{"line":6,"column":2},"end":{"line":6,"column":3}},"loc":{"start":{"line":6,"column":23},"end":{"line":10,"column":3}},"line":6}},"branchMap":{},"s":{"0":16,"1":16,"2":30,"3":30,"4":16},"f":{"0":30},"b":{},"_coverageSchema":"1a1c01bbd47fc00a2c39e90264f33305004495a9","hash":"9f186c89bd45435f8386f4de401d47c7c11b9d63"}
,"D:\\Otodidak\\DICODING\\proyekStupend\\backend-learning-app\\src\\errors\\custome-api-error.js": {"path":"D:\\Otodidak\\DICODING\\proyekStupend\\backend-learning-app\\src\\errors\\custome-api-error.js","statementMap":{"0":{"start":{"line":3,"column":4},"end":{"line":3,"column":19}},"1":{"start":{"line":7,"column":0},"end":{"line":7,"column":33}}},"fnMap":{"0":{"name":"(anonymous_0)","decl":{"start":{"line":2,"column":2},"end":{"line":2,"column":3}},"loc":{"start":{"line":2,"column":23},"end":{"line":4,"column":3}},"line":2}},"branchMap":{},"s":{"0":106,"1":16},"f":{"0":106},"b":{},"_coverageSchema":"1a1c01bbd47fc00a2c39e90264f33305004495a9","hash":"ffbabcc801876fc0e6e80752d57820bb467667e4"}
,"D:\\Otodidak\\DICODING\\proyekStupend\\backend-learning-app\\src\\errors\\index.js": {"path":"D:\\Otodidak\\DICODING\\proyekStupend\\backend-learning-app\\src\\errors\\index.js","statementMap":{"0":{"start":{"line":1,"column":24},"end":{"line":1,"column":54}},"1":{"start":{"line":2,"column":24},"end":{"line":2,"column":48}},"2":{"start":{"line":3,"column":22},"end":{"line":3,"column":44}},"3":{"start":{"line":4,"column":29},"end":{"line":4,"column":57}},"4":{"start":{"line":5,"column":26},"end":{"line":5,"column":51}},"5":{"start":{"line":7,"column":0},"end":{"line":13,"column":2}}},"fnMap":{},"branchMap":{},"s":{"0":15,"1":15,"2":15,"3":15,"4":15,"5":15},"f":{},"b":{},"_coverageSchema":"1a1c01bbd47fc00a2c39e90264f33305004495a9","hash":"035f22cf342895c017030a854f06429ba0922790"}
,"D:\\Otodidak\\DICODING\\proyekStupend\\backend-learning-app\\src\\errors\\not-found.js": {"path":"D:\\Otodidak\\DICODING\\proyekStupend\\backend-learning-app\\src\\errors\\not-found.js","statementMap":{"0":{"start":{"line":1,"column":24},"end":{"line":1,"column":52}},"1":{"start":{"line":3,"column":24},"end":{"line":3,"column":54}},"2":{"start":{"line":7,"column":4},"end":{"line":7,"column":19}},"3":{"start":{"line":9,"column":4},"end":{"line":9,"column":44}},"4":{"start":{"line":13,"column":0},"end":{"line":13,"column":26}}},"fnMap":{"0":{"name":"(anonymous_0)","decl":{"start":{"line":6,"column":2},"end":{"line":6,"column":3}},"loc":{"start":{"line":6,"column":23},"end":{"line":10,"column":3}},"line":6}},"branchMap":{},"s":{"0":15,"1":15,"2":38,"3":38,"4":15},"f":{"0":38},"b":{},"_coverageSchema":"1a1c01bbd47fc00a2c39e90264f33305004495a9","hash":"bdb1e59da40cbb0feef0572279af222e05b006fd"}
,"D:\\Otodidak\\DICODING\\proyekStupend\\backend-learning-app\\src\\errors\\unauthenticated.js": {"path":"D:\\Otodidak\\DICODING\\proyekStupend\\backend-learning-app\\src\\errors\\unauthenticated.js","statementMap":{"0":{"start":{"line":1,"column":24},"end":{"line":1,"column":52}},"1":{"start":{"line":2,"column":24},"end":{"line":2,"column":54}},"2":{"start":{"line":6,"column":4},"end":{"line":6,"column":19}},"3":{"start":{"line":7,"column":4},"end":{"line":7,"column":47}},"4":{"start":{"line":11,"column":0},"end":{"line":11,"column":38}}},"fnMap":{"0":{"name":"(anonymous_0)","decl":{"start":{"line":5,"column":2},"end":{"line":5,"column":3}},"loc":{"start":{"line":5,"column":23},"end":{"line":8,"column":3}},"line":5}},"branchMap":{},"s":{"0":15,"1":15,"2":38,"3":38,"4":15},"f":{"0":38},"b":{},"_coverageSchema":"1a1c01bbd47fc00a2c39e90264f33305004495a9","hash":"994c8a436a843dd7b89f4412f03b97058094a5c5"}
,"D:\\Otodidak\\DICODING\\proyekStupend\\backend-learning-app\\src\\errors\\unauthorized.js": {"path":"D:\\Otodidak\\DICODING\\proyekStupend\\backend-learning-app\\src\\errors\\unauthorized.js","statementMap":{"0":{"start":{"line":1,"column":24},"end":{"line":1,"column":52}},"1":{"start":{"line":2,"column":24},"end":{"line":2,"column":54}},"2":{"start":{"line":6,"column":4},"end":{"line":6,"column":19}},"3":{"start":{"line":7,"column":4},"end":{"line":7,"column":45}},"4":{"start":{"line":11,"column":0},"end":{"line":11,"column":35}}},"fnMap":{"0":{"name":"(anonymous_0)","decl":{"start":{"line":5,"column":2},"end":{"line":5,"column":3}},"loc":{"start":{"line":5,"column":23},"end":{"line":8,"column":3}},"line":5}},"branchMap":{},"s":{"0":15,"1":15,"2":0,"3":0,"4":15},"f":{"0":0},"b":{},"_coverageSchema":"1a1c01bbd47fc00a2c39e90264f33305004495a9","hash":"355fe46391d7717604558478cd1bde6824ae7669"}
,"D:\\Otodidak\\DICODING\\proyekStupend\\backend-learning-app\\src\\middlewares\\auth.js": {"path":"D:\\Otodidak\\DICODING\\proyekStupend\\backend-learning-app\\src\\middlewares\\auth.js","statementMap":{"0":{"start":{"line":1,"column":12},"end":{"line":1,"column":35}},"1":{"start":{"line":2,"column":33},"end":{"line":2,"column":53}},"2":{"start":{"line":4,"column":13},"end":{"line":32,"column":1}},"3":{"start":{"line":5,"column":4},"end":{"line":31,"column":5}},"4":{"start":{"line":6,"column":27},"end":{"line":6,"column":52}},"5":{"start":{"line":8,"column":8},"end":{"line":10,"column":9}},"6":{"start":{"line":9,"column":12},"end":{"line":9,"column":69}},"7":{"start":{"line":12,"column":22},"end":{"line":12,"column":46}},"8":{"start":{"line":14,"column":24},"end":{"line":14,"column":90}},"9":{"start":{"line":16,"column":8},"end":{"line":20,"column":10}},"10":{"start":{"line":22,"column":8},"end":{"line":22,"column":15}},"11":{"start":{"line":24,"column":8},"end":{"line":26,"column":9}},"12":{"start":{"line":25,"column":12},"end":{"line":25,"column":67}},"13":{"start":{"line":27,"column":8},"end":{"line":29,"column":9}},"14":{"start":{"line":28,"column":12},"end":{"line":28,"column":60}},"15":{"start":{"line":30,"column":8},"end":{"line":30,"column":65}},"16":{"start":{"line":34,"column":0},"end":{"line":34,"column":22}}},"fnMap":{"0":{"name":"(anonymous_0)","decl":{"start":{"line":4,"column":13},"end":{"line":4,"column":14}},"loc":{"start":{"line":4,"column":39},"end":{"line":32,"column":1}},"line":4}},"branchMap":{"0":{"loc":{"start":{"line":8,"column":8},"end":{"line":10,"column":9}},"type":"if","locations":[{"start":{"line":8,"column":8},"end":{"line":10,"column":9}},{"start":{},"end":{}}],"line":8},"1":{"loc":{"start":{"line":8,"column":12},"end":{"line":8,"column":59}},"type":"binary-expr","locations":[{"start":{"line":8,"column":12},"end":{"line":8,"column":23}},{"start":{"line":8,"column":27},"end":{"line":8,"column":59}}],"line":8},"2":{"loc":{"start":{"line":14,"column":42},"end":{"line":14,"column":89}},"type":"binary-expr","locations":[{"start":{"line":14,"column":42},"end":{"line":14,"column":64}},{"start":{"line":14,"column":68},"end":{"line":14,"column":89}}],"line":14},"3":{"loc":{"start":{"line":24,"column":8},"end":{"line":26,"column":9}},"type":"if","locations":[{"start":{"line":24,"column":8},"end":{"line":26,"column":9}},{"start":{},"end":{}}],"line":24},"4":{"loc":{"start":{"line":27,"column":8},"end":{"line":29,"column":9}},"type":"if","locations":[{"start":{"line":27,"column":8},"end":{"line":29,"column":9}},{"start":{},"end":{}}],"line":27}},"s":{"0":3,"1":3,"2":3,"3":37,"4":37,"5":37,"6":12,"7":25,"8":25,"9":16,"10":16,"11":21,"12":2,"13":19,"14":7,"15":12,"16":3},"f":{"0":37},"b":{"0":[12,25],"1":[37,28],"2":[25,0],"3":[2,19],"4":[7,12]},"_coverageSchema":"1a1c01bbd47fc00a2c39e90264f33305004495a9","hash":"a747a891f56356b634e0a20fc4d2793476de9b25"}
,"D:\\Otodidak\\DICODING\\proyekStupend\\backend-learning-app\\src\\middlewares\\handle-errors.js": {"path":"D:\\Otodidak\\DICODING\\proyekStupend\\backend-learning-app\\src\\middlewares\\handle-errors.js","statementMap":{"0":{"start":{"line":1,"column":24},"end":{"line":1,"column":52}},"1":{"start":{"line":3,"column":31},"end":{"line":26,"column":1}},"2":{"start":{"line":4,"column":19},"end":{"line":4,"column":70}},"3":{"start":{"line":5,"column":16},"end":{"line":5,"column":53}},"4":{"start":{"line":8,"column":2},"end":{"line":11,"column":3}},"5":{"start":{"line":9,"column":4},"end":{"line":9,"column":21}},"6":{"start":{"line":10,"column":4},"end":{"line":10,"column":66}},"7":{"start":{"line":14,"column":2},"end":{"line":17,"column":3}},"8":{"start":{"line":15,"column":4},"end":{"line":15,"column":21}},"9":{"start":{"line":16,"column":4},"end":{"line":16,"column":33}},"10":{"start":{"line":19,"column":2},"end":{"line":25,"column":5}},"11":{"start":{"line":28,"column":0},"end":{"line":28,"column":40}}},"fnMap":{"0":{"name":"(anonymous_0)","decl":{"start":{"line":3,"column":31},"end":{"line":3,"column":32}},"loc":{"start":{"line":3,"column":56},"end":{"line":26,"column":1}},"line":3}},"branchMap":{"0":{"loc":{"start":{"line":4,"column":19},"end":{"line":4,"column":70}},"type":"binary-expr","locations":[{"start":{"line":4,"column":19},"end":{"line":4,"column":33}},{"start":{"line":4,"column":37},"end":{"line":4,"column":70}}],"line":4},"1":{"loc":{"start":{"line":5,"column":16},"end":{"line":5,"column":53}},"type":"binary-expr","locations":[{"start":{"line":5,"column":16},"end":{"line":5,"column":27}},{"start":{"line":5,"column":31},"end":{"line":5,"column":53}}],"line":5},"2":{"loc":{"start":{"line":8,"column":2},"end":{"line":11,"column":3}},"type":"if","locations":[{"start":{"line":8,"column":2},"end":{"line":11,"column":3}},{"start":{},"end":{}}],"line":8},"3":{"loc":{"start":{"line":14,"column":2},"end":{"line":17,"column":3}},"type":"if","locations":[{"start":{"line":14,"column":2},"end":{"line":17,"column":3}},{"start":{},"end":{}}],"line":14}},"s":{"0":3,"1":3,"2":18,"3":18,"4":18,"5":0,"6":0,"7":18,"8":0,"9":0,"10":18,"11":3},"f":{"0":18},"b":{"0":[18,0],"1":[18,0],"2":[0,18],"3":[0,18]},"_coverageSchema":"1a1c01bbd47fc00a2c39e90264f33305004495a9","hash":"258b6982935ec7bb844abb1150107116a88e975f"}
,"D:\\Otodidak\\DICODING\\proyekStupend\\backend-learning-app\\src\\middlewares\\not-found.js": {"path":"D:\\Otodidak\\DICODING\\proyekStupend\\backend-learning-app\\src\\middlewares\\not-found.js","statementMap":{"0":{"start":{"line":1,"column":17},"end":{"line":2,"column":55}},"1":{"start":{"line":2,"column":2},"end":{"line":2,"column":55}},"2":{"start":{"line":4,"column":0},"end":{"line":4,"column":26}}},"fnMap":{"0":{"name":"(anonymous_0)","decl":{"start":{"line":1,"column":17},"end":{"line":1,"column":18}},"loc":{"start":{"line":2,"column":2},"end":{"line":2,"column":55}},"line":2}},"branchMap":{},"s":{"0":2,"1":15,"2":2},"f":{"0":15},"b":{},"_coverageSchema":"1a1c01bbd47fc00a2c39e90264f33305004495a9","hash":"abd116a51e6f6a4295629b53cadb7648a72e5d40"}
,"D:\\Otodidak\\DICODING\\proyekStupend\\backend-learning-app\\src\\middlewares\\validate.js": {"path":"D:\\Otodidak\\DICODING\\proyekStupend\\backend-learning-app\\src\\middlewares\\validate.js","statementMap":{"0":{"start":{"line":1,"column":24},"end":{"line":1,"column":56}},"1":{"start":{"line":3,"column":17},"end":{"line":11,"column":1}},"2":{"start":{"line":3,"column":29},"end":{"line":11,"column":1}},"3":{"start":{"line":4,"column":20},"end":{"line":4,"column":45}},"4":{"start":{"line":6,"column":2},"end":{"line":8,"column":3}},"5":{"start":{"line":7,"column":4},"end":{"line":7,"column":57}},"6":{"start":{"line":10,"column":2},"end":{"line":10,"column":9}},"7":{"start":{"line":13,"column":0},"end":{"line":13,"column":26}}},"fnMap":{"0":{"name":"(anonymous_0)","decl":{"start":{"line":3,"column":17},"end":{"line":3,"column":18}},"loc":{"start":{"line":3,"column":29},"end":{"line":11,"column":1}},"line":3},"1":{"name":"(anonymous_1)","decl":{"start":{"line":3,"column":29},"end":{"line":3,"column":30}},"loc":{"start":{"line":3,"column":49},"end":{"line":11,"column":1}},"line":3}},"branchMap":{"0":{"loc":{"start":{"line":6,"column":2},"end":{"line":8,"column":3}},"type":"if","locations":[{"start":{"line":6,"column":2},"end":{"line":8,"column":3}},{"start":{},"end":{}}],"line":6}},"s":{"0":4,"1":4,"2":15,"3":22,"4":22,"5":9,"6":13,"7":4},"f":{"0":15,"1":22},"b":{"0":[9,13]},"_coverageSchema":"1a1c01bbd47fc00a2c39e90264f33305004495a9","hash":"8a929e9cf393ddd9715b1ec538ba253c8974caf5"}
,"D:\\Otodidak\\DICODING\\proyekStupend\\backend-learning-app\\src\\services\\prisma\\developer_journey_tutorial_questions.js": {"path":"D:\\Otodidak\\DICODING\\proyekStupend\\backend-learning-app\\src\\services\\prisma\\developer_journey_tutorial_questions.js","statementMap":{"0":{"start":{"line":1,"column":25},"end":{"line":1,"column":50}},"1":{"start":{"line":2,"column":43},"end":{"line":2,"column":66}},"2":{"start":{"line":4,"column":15},"end":{"line":4,"column":33}},"3":{"start":{"line":6,"column":32},"end":{"line":22,"column":1}},"4":{"start":{"line":7,"column":19},"end":{"line":11,"column":4}},"5":{"start":{"line":13,"column":2},"end":{"line":15,"column":3}},"6":{"start":{"line":14,"column":4},"end":{"line":14,"column":50}},"7":{"start":{"line":17,"column":2},"end":{"line":21,"column":5}},"8":{"start":{"line":24,"column":31},"end":{"line":66,"column":1}},"9":{"start":{"line":25,"column":2},"end":{"line":65,"column":3}},"10":{"start":{"line":26,"column":40},"end":{"line":26,"column":48}},"11":{"start":{"line":27,"column":27},"end":{"line":27,"column":37}},"12":{"start":{"line":30,"column":21},"end":{"line":34,"column":6}},"13":{"start":{"line":36,"column":4},"end":{"line":38,"column":5}},"14":{"start":{"line":37,"column":6},"end":{"line":37,"column":52}},"15":{"start":{"line":41,"column":29},"end":{"line":47,"column":6}},"16":{"start":{"line":49,"column":4},"end":{"line":51,"column":5}},"17":{"start":{"line":50,"column":6},"end":{"line":50,"column":68}},"18":{"start":{"line":53,"column":19},"end":{"line":59,"column":6}},"19":{"start":{"line":61,"column":4},"end":{"line":61,"column":18}},"20":{"start":{"line":63,"column":4},"end":{"line":63,"column":76}},"21":{"start":{"line":64,"column":4},"end":{"line":64,"column":14}},"22":{"start":{"line":68,"column":32},"end":{"line":100,"column":1}},"23":{"start":{"line":70,"column":19},"end":{"line":74,"column":4}},"24":{"start":{"line":76,"column":2},"end":{"line":78,"column":3}},"25":{"start":{"line":77,"column":4},"end":{"line":77,"column":50}},"26":{"start":{"line":81,"column":19},"end":{"line":93,"column":4}},"27":{"start":{"line":95,"column":2},"end":{"line":97,"column":3}},"28":{"start":{"line":96,"column":4},"end":{"line":96,"column":50}},"29":{"start":{"line":99,"column":2},"end":{"line":99,"column":18}},"30":{"start":{"line":102,"column":31},"end":{"line":164,"column":1}},"31":{"start":{"line":103,"column":2},"end":{"line":163,"column":3}},"32":{"start":{"line":104,"column":40},"end":{"line":104,"column":48}},"33":{"start":{"line":105,"column":39},"end":{"line":105,"column":49}},"34":{"start":{"line":106,"column":21},"end":{"line":110,"column":6}},"35":{"start":{"line":111,"column":4},"end":{"line":113,"column":5}},"36":{"start":{"line":112,"column":6},"end":{"line":112,"column":52}},"37":{"start":{"line":115,"column":18},"end":{"line":120,"column":6}},"38":{"start":{"line":122,"column":4},"end":{"line":124,"column":5}},"39":{"start":{"line":123,"column":6},"end":{"line":123,"column":61}},"40":{"start":{"line":127,"column":4},"end":{"line":145,"column":5}},"41":{"start":{"line":128,"column":26},"end":{"line":133,"column":7}},"42":{"start":{"line":135,"column":6},"end":{"line":135,"column":67}},"43":{"start":{"line":135,"column":25},"end":{"line":135,"column":67}},"44":{"start":{"line":136,"column":6},"end":{"line":136,"column":66}},"45":{"start":{"line":136,"column":34},"end":{"line":136,"column":66}},"46":{"start":{"line":138,"column":32},"end":{"line":140,"column":8}},"47":{"start":{"line":142,"column":6},"end":{"line":144,"column":7}},"48":{"start":{"line":143,"column":8},"end":{"line":143,"column":98}},"49":{"start":{"line":147,"column":23},"end":{"line":147,"column":25}},"50":{"start":{"line":148,"column":4},"end":{"line":148,"column":78}},"51":{"start":{"line":148,"column":37},"end":{"line":148,"column":78}},"52":{"start":{"line":149,"column":4},"end":{"line":149,"column":63}},"53":{"start":{"line":149,"column":32},"end":{"line":149,"column":63}},"54":{"start":{"line":151,"column":19},"end":{"line":157,"column":6}},"55":{"start":{"line":159,"column":4},"end":{"line":159,"column":18}},"56":{"start":{"line":161,"column":4},"end":{"line":161,"column":76}},"57":{"start":{"line":162,"column":4},"end":{"line":162,"column":14}},"58":{"start":{"line":166,"column":32},"end":{"line":200,"column":1}},"59":{"start":{"line":167,"column":37},"end":{"line":167,"column":47}},"60":{"start":{"line":168,"column":19},"end":{"line":172,"column":4}},"61":{"start":{"line":173,"column":2},"end":{"line":175,"column":3}},"62":{"start":{"line":174,"column":4},"end":{"line":174,"column":50}},"63":{"start":{"line":176,"column":19},"end":{"line":181,"column":4}},"64":{"start":{"line":183,"column":2},"end":{"line":185,"column":3}},"65":{"start":{"line":184,"column":4},"end":{"line":184,"column":50}},"66":{"start":{"line":187,"column":2},"end":{"line":191,"column":5}},"67":{"start":{"line":193,"column":17},"end":{"line":198,"column":4}},"68":{"start":{"line":199,"column":2},"end":{"line":199,"column":16}},"69":{"start":{"line":202,"column":0},"end":{"line":202,"column":143}}},"fnMap":{"0":{"name":"(anonymous_0)","decl":{"start":{"line":6,"column":32},"end":{"line":6,"column":33}},"loc":{"start":{"line":6,"column":54},"end":{"line":22,"column":1}},"line":6},"1":{"name":"(anonymous_1)","decl":{"start":{"line":24,"column":31},"end":{"line":24,"column":32}},"loc":{"start":{"line":24,"column":46},"end":{"line":66,"column":1}},"line":24},"2":{"name":"(anonymous_2)","decl":{"start":{"line":68,"column":32},"end":{"line":68,"column":33}},"loc":{"start":{"line":68,"column":66},"end":{"line":100,"column":1}},"line":68},"3":{"name":"(anonymous_3)","decl":{"start":{"line":102,"column":31},"end":{"line":102,"column":32}},"loc":{"start":{"line":102,"column":46},"end":{"line":164,"column":1}},"line":102},"4":{"name":"(anonymous_4)","decl":{"start":{"line":166,"column":32},"end":{"line":166,"column":33}},"loc":{"start":{"line":166,"column":47},"end":{"line":200,"column":1}},"line":166}},"branchMap":{"0":{"loc":{"start":{"line":13,"column":2},"end":{"line":15,"column":3}},"type":"if","locations":[{"start":{"line":13,"column":2},"end":{"line":15,"column":3}},{"start":{},"end":{}}],"line":13},"1":{"loc":{"start":{"line":36,"column":4},"end":{"line":38,"column":5}},"type":"if","locations":[{"start":{"line":36,"column":4},"end":{"line":38,"column":5}},{"start":{},"end":{}}],"line":36},"2":{"loc":{"start":{"line":49,"column":4},"end":{"line":51,"column":5}},"type":"if","locations":[{"start":{"line":49,"column":4},"end":{"line":51,"column":5}},{"start":{},"end":{}}],"line":49},"3":{"loc":{"start":{"line":76,"column":2},"end":{"line":78,"column":3}},"type":"if","locations":[{"start":{"line":76,"column":2},"end":{"line":78,"column":3}},{"start":{},"end":{}}],"line":76},"4":{"loc":{"start":{"line":95,"column":2},"end":{"line":97,"column":3}},"type":"if","locations":[{"start":{"line":95,"column":2},"end":{"line":97,"column":3}},{"start":{},"end":{}}],"line":95},"5":{"loc":{"start":{"line":111,"column":4},"end":{"line":113,"column":5}},"type":"if","locations":[{"start":{"line":111,"column":4},"end":{"line":113,"column":5}},{"start":{},"end":{}}],"line":111},"6":{"loc":{"start":{"line":122,"column":4},"end":{"line":124,"column":5}},"type":"if","locations":[{"start":{"line":122,"column":4},"end":{"line":124,"column":5}},{"start":{},"end":{}}],"line":122},"7":{"loc":{"start":{"line":127,"column":4},"end":{"line":145,"column":5}},"type":"if","locations":[{"start":{"line":127,"column":4},"end":{"line":145,"column":5}},{"start":{},"end":{}}],"line":127},"8":{"loc":{"start":{"line":127,"column":8},"end":{"line":127,"column":33}},"type":"binary-expr","locations":[{"start":{"line":127,"column":8},"end":{"line":127,"column":21}},{"start":{"line":127,"column":25},"end":{"line":127,"column":33}}],"line":127},"9":{"loc":{"start":{"line":135,"column":6},"end":{"line":135,"column":67}},"type":"if","locations":[{"start":{"line":135,"column":6},"end":{"line":135,"column":67}},{"start":{},"end":{}}],"line":135},"10":{"loc":{"start":{"line":136,"column":6},"end":{"line":136,"column":66}},"type":"if","locations":[{"start":{"line":136,"column":6},"end":{"line":136,"column":66}},{"start":{},"end":{}}],"line":136},"11":{"loc":{"start":{"line":142,"column":6},"end":{"line":144,"column":7}},"type":"if","locations":[{"start":{"line":142,"column":6},"end":{"line":144,"column":7}},{"start":{},"end":{}}],"line":142},"12":{"loc":{"start":{"line":148,"column":4},"end":{"line":148,"column":78}},"type":"if","locations":[{"start":{"line":148,"column":4},"end":{"line":148,"column":78}},{"start":{},"end":{}}],"line":148},"13":{"loc":{"start":{"line":149,"column":4},"end":{"line":149,"column":63}},"type":"if","locations":[{"start":{"line":149,"column":4},"end":{"line":149,"column":63}},{"start":{},"end":{}}],"line":149},"14":{"loc":{"start":{"line":173,"column":2},"end":{"line":175,"column":3}},"type":"if","locations":[{"start":{"line":173,"column":2},"end":{"line":175,"column":3}},{"start":{},"end":{}}],"line":173},"15":{"loc":{"start":{"line":183,"column":2},"end":{"line":185,"column":3}},"type":"if","locations":[{"start":{"line":183,"column":2},"end":{"line":185,"column":3}},{"start":{},"end":{}}],"line":183}},"s":{"0":3,"1":3,"2":3,"3":3,"4":7,"5":7,"6":3,"7":4,"8":3,"9":9,"10":9,"11":9,"12":9,"13":8,"14":3,"15":5,"16":5,"17":3,"18":2,"19":2,"20":7,"21":7,"22":3,"23":7,"24":7,"25":2,"26":5,"27":5,"28":3,"29":2,"30":3,"31":10,"32":10,"33":10,"34":10,"35":10,"36":2,"37":8,"38":8,"39":3,"40":5,"41":5,"42":5,"43":4,"44":5,"45":5,"46":5,"47":5,"48":2,"49":3,"50":3,"51":2,"52":3,"53":3,"54":3,"55":3,"56":7,"57":7,"58":3,"59":8,"60":8,"61":8,"62":2,"63":6,"64":6,"65":3,"66":3,"67":3,"68":3,"69":3},"f":{"0":7,"1":9,"2":7,"3":10,"4":8},"b":{"0":[3,4],"1":[3,5],"2":[3,2],"3":[2,5],"4":[3,2],"5":[2,8],"6":[3,5],"7":[5,0],"8":[5,1],"9":[4,1],"10":[5,0],"11":[2,3],"12":[2,1],"13":[3,0],"14":[2,6],"15":[3,3]},"_coverageSchema":"1a1c01bbd47fc00a2c39e90264f33305004495a9","hash":"194e24945f2f5b57d609adc82ead3130efff8a48"}
,"D:\\Otodidak\\DICODING\\proyekStupend\\backend-learning-app\\src\\services\\prisma\\developer_journey_tutorials.js": {"path":"D:\\Otodidak\\DICODING\\proyekStupend\\backend-learning-app\\src\\services\\prisma\\developer_journey_tutorials.js","statementMap":{"0":{"start":{"line":1,"column":25},"end":{"line":1,"column":50}},"1":{"start":{"line":2,"column":43},"end":{"line":2,"column":66}},"2":{"start":{"line":4,"column":15},"end":{"line":4,"column":33}},"3":{"start":{"line":6,"column":40},"end":{"line":33,"column":1}},"4":{"start":{"line":8,"column":27},"end":{"line":12,"column":4}},"5":{"start":{"line":14,"column":2},"end":{"line":16,"column":3}},"6":{"start":{"line":15,"column":4},"end":{"line":15,"column":61}},"7":{"start":{"line":18,"column":17},"end":{"line":30,"column":4}},"8":{"start":{"line":32,"column":2},"end":{"line":32,"column":15}},"9":{"start":{"line":35,"column":39},"end":{"line":74,"column":1}},"10":{"start":{"line":37,"column":27},"end":{"line":41,"column":4}},"11":{"start":{"line":43,"column":2},"end":{"line":45,"column":3}},"12":{"start":{"line":44,"column":4},"end":{"line":44,"column":59}},"13":{"start":{"line":47,"column":17},"end":{"line":67,"column":4}},"14":{"start":{"line":69,"column":2},"end":{"line":71,"column":3}},"15":{"start":{"line":70,"column":4},"end":{"line":70,"column":50}},"16":{"start":{"line":73,"column":2},"end":{"line":73,"column":15}},"17":{"start":{"line":76,"column":39},"end":{"line":117,"column":1}},"18":{"start":{"line":77,"column":4},"end":{"line":116,"column":5}},"19":{"start":{"line":78,"column":44},"end":{"line":78,"column":52}},"20":{"start":{"line":79,"column":39},"end":{"line":79,"column":49}},"21":{"start":{"line":81,"column":23},"end":{"line":81,"column":38}},"22":{"start":{"line":84,"column":33},"end":{"line":88,"column":10}},"23":{"start":{"line":90,"column":8},"end":{"line":92,"column":9}},"24":{"start":{"line":91,"column":12},"end":{"line":91,"column":67}},"25":{"start":{"line":94,"column":23},"end":{"line":100,"column":10}},"26":{"start":{"line":101,"column":8},"end":{"line":101,"column":73}},"27":{"start":{"line":101,"column":20},"end":{"line":101,"column":73}},"28":{"start":{"line":103,"column":23},"end":{"line":111,"column":10}},"29":{"start":{"line":112,"column":8},"end":{"line":112,"column":22}},"30":{"start":{"line":114,"column":8},"end":{"line":114,"column":72}},"31":{"start":{"line":115,"column":8},"end":{"line":115,"column":19}},"32":{"start":{"line":119,"column":39},"end":{"line":203,"column":1}},"33":{"start":{"line":120,"column":4},"end":{"line":202,"column":5}},"34":{"start":{"line":121,"column":44},"end":{"line":121,"column":52}},"35":{"start":{"line":122,"column":51},"end":{"line":122,"column":61}},"36":{"start":{"line":125,"column":33},"end":{"line":129,"column":10}},"37":{"start":{"line":131,"column":8},"end":{"line":133,"column":9}},"38":{"start":{"line":132,"column":12},"end":{"line":132,"column":69}},"39":{"start":{"line":136,"column":33},"end":{"line":141,"column":10}},"40":{"start":{"line":143,"column":8},"end":{"line":145,"column":9}},"41":{"start":{"line":144,"column":12},"end":{"line":144,"column":58}},"42":{"start":{"line":148,"column":8},"end":{"line":163,"column":9}},"43":{"start":{"line":149,"column":38},"end":{"line":158,"column":14}},"44":{"start":{"line":160,"column":12},"end":{"line":162,"column":13}},"45":{"start":{"line":161,"column":16},"end":{"line":161,"column":98}},"46":{"start":{"line":165,"column":36},"end":{"line":174,"column":10}},"47":{"start":{"line":177,"column":23},"end":{"line":196,"column":10}},"48":{"start":{"line":198,"column":8},"end":{"line":198,"column":21}},"49":{"start":{"line":200,"column":8},"end":{"line":200,"column":73}},"50":{"start":{"line":201,"column":8},"end":{"line":201,"column":20}},"51":{"start":{"line":205,"column":39},"end":{"line":246,"column":1}},"52":{"start":{"line":206,"column":2},"end":{"line":244,"column":3}},"53":{"start":{"line":207,"column":31},"end":{"line":211,"column":4}},"54":{"start":{"line":213,"column":2},"end":{"line":215,"column":3}},"55":{"start":{"line":214,"column":4},"end":{"line":214,"column":61}},"56":{"start":{"line":217,"column":19},"end":{"line":222,"column":4}},"57":{"start":{"line":224,"column":2},"end":{"line":226,"column":3}},"58":{"start":{"line":225,"column":4},"end":{"line":225,"column":50}},"59":{"start":{"line":228,"column":2},"end":{"line":232,"column":5}},"60":{"start":{"line":234,"column":2},"end":{"line":238,"column":5}},"61":{"start":{"line":240,"column":2},"end":{"line":240,"column":18}},"62":{"start":{"line":242,"column":4},"end":{"line":242,"column":69}},"63":{"start":{"line":243,"column":4},"end":{"line":243,"column":16}},"64":{"start":{"line":248,"column":0},"end":{"line":254,"column":1}}},"fnMap":{"0":{"name":"(anonymous_0)","decl":{"start":{"line":6,"column":40},"end":{"line":6,"column":41}},"loc":{"start":{"line":6,"column":70},"end":{"line":33,"column":1}},"line":6},"1":{"name":"(anonymous_1)","decl":{"start":{"line":35,"column":39},"end":{"line":35,"column":40}},"loc":{"start":{"line":35,"column":81},"end":{"line":74,"column":1}},"line":35},"2":{"name":"(anonymous_2)","decl":{"start":{"line":76,"column":39},"end":{"line":76,"column":40}},"loc":{"start":{"line":76,"column":54},"end":{"line":117,"column":1}},"line":76},"3":{"name":"(anonymous_3)","decl":{"start":{"line":119,"column":39},"end":{"line":119,"column":40}},"loc":{"start":{"line":119,"column":54},"end":{"line":203,"column":1}},"line":119},"4":{"name":"(anonymous_4)","decl":{"start":{"line":205,"column":39},"end":{"line":205,"column":40}},"loc":{"start":{"line":205,"column":81},"end":{"line":246,"column":1}},"line":205}},"branchMap":{"0":{"loc":{"start":{"line":14,"column":2},"end":{"line":16,"column":3}},"type":"if","locations":[{"start":{"line":14,"column":2},"end":{"line":16,"column":3}},{"start":{},"end":{}}],"line":14},"1":{"loc":{"start":{"line":43,"column":2},"end":{"line":45,"column":3}},"type":"if","locations":[{"start":{"line":43,"column":2},"end":{"line":45,"column":3}},{"start":{},"end":{}}],"line":43},"2":{"loc":{"start":{"line":69,"column":2},"end":{"line":71,"column":3}},"type":"if","locations":[{"start":{"line":69,"column":2},"end":{"line":71,"column":3}},{"start":{},"end":{}}],"line":69},"3":{"loc":{"start":{"line":90,"column":8},"end":{"line":92,"column":9}},"type":"if","locations":[{"start":{"line":90,"column":8},"end":{"line":92,"column":9}},{"start":{},"end":{}}],"line":90},"4":{"loc":{"start":{"line":101,"column":8},"end":{"line":101,"column":73}},"type":"if","locations":[{"start":{"line":101,"column":8},"end":{"line":101,"column":73}},{"start":{},"end":{}}],"line":101},"5":{"loc":{"start":{"line":131,"column":8},"end":{"line":133,"column":9}},"type":"if","locations":[{"start":{"line":131,"column":8},"end":{"line":133,"column":9}},{"start":{},"end":{}}],"line":131},"6":{"loc":{"start":{"line":143,"column":8},"end":{"line":145,"column":9}},"type":"if","locations":[{"start":{"line":143,"column":8},"end":{"line":145,"column":9}},{"start":{},"end":{}}],"line":143},"7":{"loc":{"start":{"line":148,"column":8},"end":{"line":163,"column":9}},"type":"if","locations":[{"start":{"line":148,"column":8},"end":{"line":163,"column":9}},{"start":{},"end":{}}],"line":148},"8":{"loc":{"start":{"line":148,"column":12},"end":{"line":148,"column":29}},"type":"binary-expr","locations":[{"start":{"line":148,"column":12},"end":{"line":148,"column":17}},{"start":{"line":148,"column":21},"end":{"line":148,"column":29}}],"line":148},"9":{"loc":{"start":{"line":152,"column":27},"end":{"line":152,"column":58}},"type":"binary-expr","locations":[{"start":{"line":152,"column":27},"end":{"line":152,"column":32}},{"start":{"line":152,"column":36},"end":{"line":152,"column":58}}],"line":152},"10":{"loc":{"start":{"line":153,"column":30},"end":{"line":153,"column":101}},"type":"cond-expr","locations":[{"start":{"line":153,"column":55},"end":{"line":153,"column":73}},{"start":{"line":153,"column":76},"end":{"line":153,"column":101}}],"line":153},"11":{"loc":{"start":{"line":160,"column":12},"end":{"line":162,"column":13}},"type":"if","locations":[{"start":{"line":160,"column":12},"end":{"line":162,"column":13}},{"start":{},"end":{}}],"line":160},"12":{"loc":{"start":{"line":170,"column":23},"end":{"line":170,"column":54}},"type":"binary-expr","locations":[{"start":{"line":170,"column":23},"end":{"line":170,"column":28}},{"start":{"line":170,"column":32},"end":{"line":170,"column":54}}],"line":170},"13":{"loc":{"start":{"line":171,"column":26},"end":{"line":171,"column":97}},"type":"cond-expr","locations":[{"start":{"line":171,"column":51},"end":{"line":171,"column":69}},{"start":{"line":171,"column":72},"end":{"line":171,"column":97}}],"line":171},"14":{"loc":{"start":{"line":172,"column":24},"end":{"line":172,"column":57}},"type":"binary-expr","locations":[{"start":{"line":172,"column":24},"end":{"line":172,"column":30}},{"start":{"line":172,"column":34},"end":{"line":172,"column":57}}],"line":172},"15":{"loc":{"start":{"line":213,"column":2},"end":{"line":215,"column":3}},"type":"if","locations":[{"start":{"line":213,"column":2},"end":{"line":215,"column":3}},{"start":{},"end":{}}],"line":213},"16":{"loc":{"start":{"line":224,"column":2},"end":{"line":226,"column":3}},"type":"if","locations":[{"start":{"line":224,"column":2},"end":{"line":226,"column":3}},{"start":{},"end":{}}],"line":224}},"s":{"0":3,"1":3,"2":3,"3":3,"4":2,"5":2,"6":1,"7":1,"8":1,"9":3,"10":2,"11":2,"12":0,"13":2,"14":2,"15":1,"16":1,"17":3,"18":3,"19":3,"20":3,"21":3,"22":3,"23":3,"24":1,"25":2,"26":2,"27":1,"28":1,"29":1,"30":2,"31":2,"32":3,"33":0,"34":0,"35":0,"36":0,"37":0,"38":0,"39":0,"40":0,"41":0,"42":0,"43":0,"44":0,"45":0,"46":0,"47":0,"48":0,"49":0,"50":0,"51":3,"52":1,"53":1,"54":1,"55":0,"56":1,"57":1,"58":0,"59":1,"60":1,"61":1,"62":0,"63":0,"64":3},"f":{"0":2,"1":2,"2":3,"3":0,"4":1},"b":{"0":[1,1],"1":[0,2],"2":[1,1],"3":[1,2],"4":[1,1],"5":[0,0],"6":[0,0],"7":[0,0],"8":[0,0],"9":[0,0],"10":[0,0],"11":[0,0],"12":[0,0],"13":[0,0],"14":[0,0],"15":[0,1],"16":[0,1]},"_coverageSchema":"1a1c01bbd47fc00a2c39e90264f33305004495a9","hash":"a6f0cbcc5e7be3c21a77a8aa6b27af90f83b952f"}
,"D:\\Otodidak\\DICODING\\proyekStupend\\backend-learning-app\\src\\services\\prisma\\developer_journeys.js": {"path":"D:\\Otodidak\\DICODING\\proyekStupend\\backend-learning-app\\src\\services\\prisma\\developer_journeys.js","statementMap":{"0":{"start":{"line":1,"column":25},"end":{"line":1,"column":50}},"1":{"start":{"line":2,"column":43},"end":{"line":2,"column":66}},"2":{"start":{"line":4,"column":15},"end":{"line":4,"column":33}},"3":{"start":{"line":6,"column":23},"end":{"line":13,"column":1}},"4":{"start":{"line":7,"column":2},"end":{"line":12,"column":3}},"5":{"start":{"line":8,"column":4},"end":{"line":8,"column":52}},"6":{"start":{"line":10,"column":4},"end":{"line":10,"column":63}},"7":{"start":{"line":11,"column":4},"end":{"line":11,"column":16}},"8":{"start":{"line":15,"column":22},"end":{"line":53,"column":1}},"9":{"start":{"line":16,"column":2},"end":{"line":52,"column":3}},"10":{"start":{"line":27,"column":8},"end":{"line":27,"column":16}},"11":{"start":{"line":30,"column":19},"end":{"line":30,"column":79}},"12":{"start":{"line":31,"column":4},"end":{"line":31,"column":68}},"13":{"start":{"line":31,"column":16},"end":{"line":31,"column":68}},"14":{"start":{"line":34,"column":19},"end":{"line":46,"column":6}},"15":{"start":{"line":48,"column":4},"end":{"line":48,"column":18}},"16":{"start":{"line":50,"column":4},"end":{"line":50,"column":62}},"17":{"start":{"line":51,"column":4},"end":{"line":51,"column":16}},"18":{"start":{"line":55,"column":22},"end":{"line":79,"column":1}},"19":{"start":{"line":56,"column":2},"end":{"line":78,"column":3}},"20":{"start":{"line":57,"column":15},"end":{"line":57,"column":38}},"21":{"start":{"line":59,"column":19},"end":{"line":71,"column":3}},"22":{"start":{"line":72,"column":4},"end":{"line":72,"column":62}},"23":{"start":{"line":72,"column":17},"end":{"line":72,"column":62}},"24":{"start":{"line":74,"column":4},"end":{"line":74,"column":18}},"25":{"start":{"line":76,"column":4},"end":{"line":76,"column":62}},"26":{"start":{"line":77,"column":4},"end":{"line":77,"column":16}},"27":{"start":{"line":81,"column":22},"end":{"line":140,"column":1}},"28":{"start":{"line":82,"column":2},"end":{"line":139,"column":3}},"29":{"start":{"line":83,"column":15},"end":{"line":83,"column":38}},"30":{"start":{"line":94,"column":8},"end":{"line":94,"column":16}},"31":{"start":{"line":97,"column":28},"end":{"line":99,"column":6}},"32":{"start":{"line":101,"column":4},"end":{"line":103,"column":5}},"33":{"start":{"line":102,"column":6},"end":{"line":102,"column":67}},"34":{"start":{"line":106,"column":4},"end":{"line":117,"column":5}},"35":{"start":{"line":107,"column":24},"end":{"line":112,"column":8}},"36":{"start":{"line":114,"column":6},"end":{"line":116,"column":7}},"37":{"start":{"line":115,"column":8},"end":{"line":115,"column":75}},"38":{"start":{"line":120,"column":19},"end":{"line":133,"column":6}},"39":{"start":{"line":135,"column":4},"end":{"line":135,"column":18}},"40":{"start":{"line":137,"column":4},"end":{"line":137,"column":62}},"41":{"start":{"line":138,"column":4},"end":{"line":138,"column":16}},"42":{"start":{"line":143,"column":22},"end":{"line":166,"column":1}},"43":{"start":{"line":144,"column":2},"end":{"line":165,"column":3}},"44":{"start":{"line":145,"column":15},"end":{"line":145,"column":38}},"45":{"start":{"line":148,"column":19},"end":{"line":150,"column":6}},"46":{"start":{"line":152,"column":4},"end":{"line":154,"column":5}},"47":{"start":{"line":153,"column":6},"end":{"line":153,"column":59}},"48":{"start":{"line":157,"column":4},"end":{"line":159,"column":7}},"49":{"start":{"line":163,"column":4},"end":{"line":163,"column":62}},"50":{"start":{"line":164,"column":4},"end":{"line":164,"column":16}},"51":{"start":{"line":168,"column":0},"end":{"line":174,"column":2}}},"fnMap":{"0":{"name":"(anonymous_0)","decl":{"start":{"line":6,"column":23},"end":{"line":6,"column":24}},"loc":{"start":{"line":6,"column":35},"end":{"line":13,"column":1}},"line":6},"1":{"name":"(anonymous_1)","decl":{"start":{"line":15,"column":22},"end":{"line":15,"column":23}},"loc":{"start":{"line":15,"column":37},"end":{"line":53,"column":1}},"line":15},"2":{"name":"(anonymous_2)","decl":{"start":{"line":55,"column":22},"end":{"line":55,"column":23}},"loc":{"start":{"line":55,"column":37},"end":{"line":79,"column":1}},"line":55},"3":{"name":"(anonymous_3)","decl":{"start":{"line":81,"column":22},"end":{"line":81,"column":23}},"loc":{"start":{"line":81,"column":37},"end":{"line":140,"column":1}},"line":81},"4":{"name":"(anonymous_4)","decl":{"start":{"line":143,"column":22},"end":{"line":143,"column":23}},"loc":{"start":{"line":143,"column":37},"end":{"line":166,"column":1}},"line":143}},"branchMap":{"0":{"loc":{"start":{"line":31,"column":4},"end":{"line":31,"column":68}},"type":"if","locations":[{"start":{"line":31,"column":4},"end":{"line":31,"column":68}},{"start":{},"end":{}}],"line":31},"1":{"loc":{"start":{"line":72,"column":4},"end":{"line":72,"column":62}},"type":"if","locations":[{"start":{"line":72,"column":4},"end":{"line":72,"column":62}},{"start":{},"end":{}}],"line":72},"2":{"loc":{"start":{"line":101,"column":4},"end":{"line":103,"column":5}},"type":"if","locations":[{"start":{"line":101,"column":4},"end":{"line":103,"column":5}},{"start":{},"end":{}}],"line":101},"3":{"loc":{"start":{"line":106,"column":4},"end":{"line":117,"column":5}},"type":"if","locations":[{"start":{"line":106,"column":4},"end":{"line":117,"column":5}},{"start":{},"end":{}}],"line":106},"4":{"loc":{"start":{"line":114,"column":6},"end":{"line":116,"column":7}},"type":"if","locations":[{"start":{"line":114,"column":6},"end":{"line":116,"column":7}},{"start":{},"end":{}}],"line":114},"5":{"loc":{"start":{"line":152,"column":4},"end":{"line":154,"column":5}},"type":"if","locations":[{"start":{"line":152,"column":4},"end":{"line":154,"column":5}},{"start":{},"end":{}}],"line":152}},"s":{"0":2,"1":2,"2":2,"3":2,"4":1,"5":1,"6":0,"7":0,"8":2,"9":3,"10":3,"11":3,"12":3,"13":2,"14":1,"15":1,"16":2,"17":2,"18":2,"19":3,"20":3,"21":3,"22":3,"23":2,"24":1,"25":2,"26":2,"27":2,"28":4,"29":4,"30":4,"31":4,"32":4,"33":1,"34":3,"35":3,"36":3,"37":2,"38":1,"39":1,"40":3,"41":3,"42":2,"43":2,"44":2,"45":2,"46":2,"47":1,"48":1,"49":1,"50":1,"51":2},"f":{"0":1,"1":3,"2":3,"3":4,"4":2},"b":{"0":[2,1],"1":[2,1],"2":[1,3],"3":[3,0],"4":[2,1],"5":[1,1]},"_coverageSchema":"1a1c01bbd47fc00a2c39e90264f33305004495a9","hash":"16b8ee84643bc37c2f36b18d9c9be3b94ac0b2f1"}
,"D:\\Otodidak\\DICODING\\proyekStupend\\backend-learning-app\\src\\services\\prisma\\tutorial_questions_options.js": {"path":"D:\\Otodidak\\DICODING\\proyekStupend\\backend-learning-app\\src\\services\\prisma\\tutorial_questions_options.js","statementMap":{"0":{"start":{"line":1,"column":25},"end":{"line":1,"column":50}},"1":{"start":{"line":2,"column":43},"end":{"line":2,"column":66}},"2":{"start":{"line":4,"column":15},"end":{"line":4,"column":33}},"3":{"start":{"line":6,"column":39},"end":{"line":23,"column":1}},"4":{"start":{"line":8,"column":30},"end":{"line":12,"column":6}},"5":{"start":{"line":14,"column":4},"end":{"line":16,"column":5}},"6":{"start":{"line":15,"column":8},"end":{"line":15,"column":63}},"7":{"start":{"line":18,"column":4},"end":{"line":22,"column":6}},"8":{"start":{"line":25,"column":37},"end":{"line":67,"column":1}},"9":{"start":{"line":26,"column":4},"end":{"line":65,"column":5}},"10":{"start":{"line":27,"column":46},"end":{"line":27,"column":54}},"11":{"start":{"line":29,"column":34},"end":{"line":33,"column":10}},"12":{"start":{"line":35,"column":8},"end":{"line":37,"column":9}},"13":{"start":{"line":36,"column":12},"end":{"line":36,"column":67}},"14":{"start":{"line":39,"column":22},"end":{"line":45,"column":10}},"15":{"start":{"line":47,"column":8},"end":{"line":49,"column":9}},"16":{"start":{"line":48,"column":12},"end":{"line":48,"column":62}},"17":{"start":{"line":51,"column":23},"end":{"line":57,"column":10}},"18":{"start":{"line":59,"column":8},"end":{"line":59,"column":22}},"19":{"start":{"line":63,"column":8},"end":{"line":63,"column":70}},"20":{"start":{"line":64,"column":8},"end":{"line":64,"column":20}},"21":{"start":{"line":69,"column":37},"end":{"line":107,"column":1}},"22":{"start":{"line":70,"column":4},"end":{"line":105,"column":5}},"23":{"start":{"line":71,"column":32},"end":{"line":71,"column":40}},"24":{"start":{"line":72,"column":40},"end":{"line":76,"column":10}},"25":{"start":{"line":78,"column":8},"end":{"line":80,"column":9}},"26":{"start":{"line":79,"column":12},"end":{"line":79,"column":73}},"27":{"start":{"line":82,"column":22},"end":{"line":87,"column":10}},"28":{"start":{"line":89,"column":8},"end":{"line":91,"column":9}},"29":{"start":{"line":90,"column":12},"end":{"line":90,"column":62}},"30":{"start":{"line":93,"column":23},"end":{"line":100,"column":10}},"31":{"start":{"line":101,"column":8},"end":{"line":101,"column":22}},"32":{"start":{"line":103,"column":8},"end":{"line":103,"column":70}},"33":{"start":{"line":104,"column":8},"end":{"line":104,"column":20}},"34":{"start":{"line":109,"column":37},"end":{"line":129,"column":1}},"35":{"start":{"line":110,"column":4},"end":{"line":128,"column":5}},"36":{"start":{"line":111,"column":40},"end":{"line":115,"column":10}},"37":{"start":{"line":116,"column":8},"end":{"line":118,"column":9}},"38":{"start":{"line":117,"column":12},"end":{"line":117,"column":73}},"39":{"start":{"line":119,"column":23},"end":{"line":123,"column":10}},"40":{"start":{"line":124,"column":8},"end":{"line":124,"column":22}},"41":{"start":{"line":126,"column":8},"end":{"line":126,"column":70}},"42":{"start":{"line":127,"column":8},"end":{"line":127,"column":20}},"43":{"start":{"line":131,"column":0},"end":{"line":131,"column":142}}},"fnMap":{"0":{"name":"(anonymous_0)","decl":{"start":{"line":6,"column":39},"end":{"line":6,"column":40}},"loc":{"start":{"line":6,"column":54},"end":{"line":23,"column":1}},"line":6},"1":{"name":"(anonymous_1)","decl":{"start":{"line":25,"column":37},"end":{"line":25,"column":38}},"loc":{"start":{"line":25,"column":52},"end":{"line":67,"column":1}},"line":25},"2":{"name":"(anonymous_2)","decl":{"start":{"line":69,"column":37},"end":{"line":69,"column":38}},"loc":{"start":{"line":69,"column":52},"end":{"line":107,"column":1}},"line":69},"3":{"name":"(anonymous_3)","decl":{"start":{"line":109,"column":37},"end":{"line":109,"column":38}},"loc":{"start":{"line":109,"column":52},"end":{"line":129,"column":1}},"line":109}},"branchMap":{"0":{"loc":{"start":{"line":14,"column":4},"end":{"line":16,"column":5}},"type":"if","locations":[{"start":{"line":14,"column":4},"end":{"line":16,"column":5}},{"start":{},"end":{}}],"line":14},"1":{"loc":{"start":{"line":35,"column":8},"end":{"line":37,"column":9}},"type":"if","locations":[{"start":{"line":35,"column":8},"end":{"line":37,"column":9}},{"start":{},"end":{}}],"line":35},"2":{"loc":{"start":{"line":47,"column":8},"end":{"line":49,"column":9}},"type":"if","locations":[{"start":{"line":47,"column":8},"end":{"line":49,"column":9}},{"start":{},"end":{}}],"line":47},"3":{"loc":{"start":{"line":78,"column":8},"end":{"line":80,"column":9}},"type":"if","locations":[{"start":{"line":78,"column":8},"end":{"line":80,"column":9}},{"start":{},"end":{}}],"line":78},"4":{"loc":{"start":{"line":89,"column":8},"end":{"line":91,"column":9}},"type":"if","locations":[{"start":{"line":89,"column":8},"end":{"line":91,"column":9}},{"start":{},"end":{}}],"line":89},"5":{"loc":{"start":{"line":116,"column":8},"end":{"line":118,"column":9}},"type":"if","locations":[{"start":{"line":116,"column":8},"end":{"line":118,"column":9}},{"start":{},"end":{}}],"line":116}},"s":{"0":2,"1":2,"2":2,"3":2,"4":2,"5":2,"6":1,"7":1,"8":2,"9":3,"10":3,"11":3,"12":3,"13":1,"14":2,"15":2,"16":1,"17":1,"18":1,"19":2,"20":2,"21":2,"22":3,"23":3,"24":3,"25":3,"26":1,"27":2,"28":2,"29":1,"30":1,"31":1,"32":2,"33":2,"34":2,"35":2,"36":2,"37":2,"38":1,"39":1,"40":1,"41":1,"42":1,"43":2},"f":{"0":2,"1":3,"2":3,"3":2},"b":{"0":[1,1],"1":[1,2],"2":[1,1],"3":[1,2],"4":[1,1],"5":[1,1]},"_coverageSchema":"1a1c01bbd47fc00a2c39e90264f33305004495a9","hash":"a667bd09d1c93ea7ed6728846d122ad82820c50d"}
,"D:\\Otodidak\\DICODING\\proyekStupend\\backend-learning-app\\src\\services\\prisma\\users.js": {"path":"D:\\Otodidak\\DICODING\\proyekStupend\\backend-learning-app\\src\\services\\prisma\\users.js","statementMap":{"0":{"start":{"line":1,"column":25},"end":{"line":1,"column":50}},"1":{"start":{"line":2,"column":15},"end":{"line":2,"column":34}},"2":{"start":{"line":3,"column":12},"end":{"line":3,"column":35}},"3":{"start":{"line":4,"column":50},"end":{"line":4,"column":73}},"4":{"start":{"line":6,"column":15},"end":{"line":6,"column":33}},"5":{"start":{"line":8,"column":28},"end":{"line":18,"column":1}},"6":{"start":{"line":9,"column":4},"end":{"line":17,"column":6}},"7":{"start":{"line":20,"column":29},"end":{"line":29,"column":1}},"8":{"start":{"line":21,"column":4},"end":{"line":28,"column":6}},"9":{"start":{"line":31,"column":21},"end":{"line":70,"column":1}},"10":{"start":{"line":32,"column":4},"end":{"line":69,"column":5}},"11":{"start":{"line":33,"column":74},"end":{"line":33,"column":82}},"12":{"start":{"line":35,"column":29},"end":{"line":37,"column":10}},"13":{"start":{"line":39,"column":8},"end":{"line":41,"column":9}},"14":{"start":{"line":40,"column":12},"end":{"line":40,"column":77}},"15":{"start":{"line":43,"column":31},"end":{"line":43,"column":62}},"16":{"start":{"line":45,"column":21},"end":{"line":54,"column":10}},"17":{"start":{"line":56,"column":8},"end":{"line":65,"column":10}},"18":{"start":{"line":67,"column":8},"end":{"line":67,"column":56}},"19":{"start":{"line":68,"column":8},"end":{"line":68,"column":20}},"20":{"start":{"line":72,"column":18},"end":{"line":119,"column":1}},"21":{"start":{"line":73,"column":4},"end":{"line":118,"column":5}},"22":{"start":{"line":74,"column":36},"end":{"line":74,"column":44}},"23":{"start":{"line":76,"column":21},"end":{"line":78,"column":10}},"24":{"start":{"line":80,"column":8},"end":{"line":82,"column":9}},"25":{"start":{"line":81,"column":12},"end":{"line":81,"column":66}},"26":{"start":{"line":84,"column":32},"end":{"line":84,"column":77}},"27":{"start":{"line":86,"column":8},"end":{"line":88,"column":9}},"28":{"start":{"line":87,"column":12},"end":{"line":87,"column":66}},"29":{"start":{"line":90,"column":28},"end":{"line":90,"column":53}},"30":{"start":{"line":91,"column":29},"end":{"line":91,"column":55}},"31":{"start":{"line":94,"column":8},"end":{"line":98,"column":11}},"32":{"start":{"line":100,"column":8},"end":{"line":113,"column":10}},"33":{"start":{"line":116,"column":8},"end":{"line":116,"column":55}},"34":{"start":{"line":117,"column":8},"end":{"line":117,"column":20}},"35":{"start":{"line":121,"column":27},"end":{"line":166,"column":1}},"36":{"start":{"line":122,"column":4},"end":{"line":165,"column":5}},"37":{"start":{"line":123,"column":33},"end":{"line":123,"column":41}},"38":{"start":{"line":125,"column":8},"end":{"line":127,"column":9}},"39":{"start":{"line":126,"column":12},"end":{"line":126,"column":67}},"40":{"start":{"line":129,"column":28},"end":{"line":131,"column":10}},"41":{"start":{"line":133,"column":8},"end":{"line":135,"column":9}},"42":{"start":{"line":134,"column":12},"end":{"line":134,"column":70}},"43":{"start":{"line":138,"column":8},"end":{"line":146,"column":9}},"44":{"start":{"line":139,"column":12},"end":{"line":142,"column":14}},"45":{"start":{"line":144,"column":12},"end":{"line":144,"column":65}},"46":{"start":{"line":145,"column":12},"end":{"line":145,"column":63}},"47":{"start":{"line":149,"column":21},"end":{"line":151,"column":10}},"48":{"start":{"line":153,"column":8},"end":{"line":155,"column":9}},"49":{"start":{"line":154,"column":12},"end":{"line":154,"column":63}},"50":{"start":{"line":156,"column":31},"end":{"line":156,"column":56}},"51":{"start":{"line":158,"column":8},"end":{"line":160,"column":10}},"52":{"start":{"line":163,"column":8},"end":{"line":163,"column":63}},"53":{"start":{"line":164,"column":8},"end":{"line":164,"column":20}},"54":{"start":{"line":168,"column":27},"end":{"line":188,"column":1}},"55":{"start":{"line":169,"column":29},"end":{"line":169,"column":37}},"56":{"start":{"line":171,"column":4},"end":{"line":173,"column":5}},"57":{"start":{"line":172,"column":8},"end":{"line":172,"column":63}},"58":{"start":{"line":175,"column":24},"end":{"line":177,"column":6}},"59":{"start":{"line":179,"column":4},"end":{"line":181,"column":5}},"60":{"start":{"line":180,"column":8},"end":{"line":180,"column":61}},"61":{"start":{"line":183,"column":4},"end":{"line":185,"column":7}},"62":{"start":{"line":187,"column":4},"end":{"line":187,"column":61}},"63":{"start":{"line":192,"column":0},"end":{"line":192,"column":85}}},"fnMap":{"0":{"name":"(anonymous_0)","decl":{"start":{"line":8,"column":28},"end":{"line":8,"column":29}},"loc":{"start":{"line":8,"column":38},"end":{"line":18,"column":1}},"line":8},"1":{"name":"(anonymous_1)","decl":{"start":{"line":20,"column":29},"end":{"line":20,"column":30}},"loc":{"start":{"line":20,"column":39},"end":{"line":29,"column":1}},"line":20},"2":{"name":"(anonymous_2)","decl":{"start":{"line":31,"column":21},"end":{"line":31,"column":22}},"loc":{"start":{"line":31,"column":36},"end":{"line":70,"column":1}},"line":31},"3":{"name":"(anonymous_3)","decl":{"start":{"line":72,"column":18},"end":{"line":72,"column":19}},"loc":{"start":{"line":72,"column":33},"end":{"line":119,"column":1}},"line":72},"4":{"name":"(anonymous_4)","decl":{"start":{"line":121,"column":27},"end":{"line":121,"column":28}},"loc":{"start":{"line":121,"column":42},"end":{"line":166,"column":1}},"line":121},"5":{"name":"(anonymous_5)","decl":{"start":{"line":168,"column":27},"end":{"line":168,"column":28}},"loc":{"start":{"line":168,"column":42},"end":{"line":188,"column":1}},"line":168}},"branchMap":{"0":{"loc":{"start":{"line":15,"column":8},"end":{"line":15,"column":55}},"type":"binary-expr","locations":[{"start":{"line":15,"column":8},"end":{"line":15,"column":30}},{"start":{"line":15,"column":34},"end":{"line":15,"column":55}}],"line":15},"1":{"loc":{"start":{"line":26,"column":8},"end":{"line":26,"column":73}},"type":"binary-expr","locations":[{"start":{"line":26,"column":8},"end":{"line":26,"column":40}},{"start":{"line":26,"column":44},"end":{"line":26,"column":73}}],"line":26},"2":{"loc":{"start":{"line":39,"column":8},"end":{"line":41,"column":9}},"type":"if","locations":[{"start":{"line":39,"column":8},"end":{"line":41,"column":9}},{"start":{},"end":{}}],"line":39},"3":{"loc":{"start":{"line":80,"column":8},"end":{"line":82,"column":9}},"type":"if","locations":[{"start":{"line":80,"column":8},"end":{"line":82,"column":9}},{"start":{},"end":{}}],"line":80},"4":{"loc":{"start":{"line":86,"column":8},"end":{"line":88,"column":9}},"type":"if","locations":[{"start":{"line":86,"column":8},"end":{"line":88,"column":9}},{"start":{},"end":{}}],"line":86},"5":{"loc":{"start":{"line":125,"column":8},"end":{"line":127,"column":9}},"type":"if","locations":[{"start":{"line":125,"column":8},"end":{"line":127,"column":9}},{"start":{},"end":{}}],"line":125},"6":{"loc":{"start":{"line":133,"column":8},"end":{"line":135,"column":9}},"type":"if","locations":[{"start":{"line":133,"column":8},"end":{"line":135,"column":9}},{"start":{},"end":{}}],"line":133},"7":{"loc":{"start":{"line":141,"column":16},"end":{"line":141,"column":81}},"type":"binary-expr","locations":[{"start":{"line":141,"column":16},"end":{"line":141,"column":48}},{"start":{"line":141,"column":52},"end":{"line":141,"column":81}}],"line":141},"8":{"loc":{"start":{"line":153,"column":8},"end":{"line":155,"column":9}},"type":"if","locations":[{"start":{"line":153,"column":8},"end":{"line":155,"column":9}},{"start":{},"end":{}}],"line":153},"9":{"loc":{"start":{"line":171,"column":4},"end":{"line":173,"column":5}},"type":"if","locations":[{"start":{"line":171,"column":4},"end":{"line":173,"column":5}},{"start":{},"end":{}}],"line":171},"10":{"loc":{"start":{"line":179,"column":4},"end":{"line":181,"column":5}},"type":"if","locations":[{"start":{"line":179,"column":4},"end":{"line":181,"column":5}},{"start":{},"end":{}}],"line":179}},"s":{"0":3,"1":3,"2":3,"3":3,"4":3,"5":3,"6":3,"7":3,"8":2,"9":3,"10":5,"11":5,"12":5,"13":5,"14":3,"15":2,"16":2,"17":2,"18":3,"19":3,"20":3,"21":7,"22":7,"23":7,"24":7,"25":3,"26":4,"27":4,"28":2,"29":2,"30":2,"31":2,"32":2,"33":5,"34":5,"35":3,"36":3,"37":3,"38":3,"39":1,"40":2,"41":2,"42":1,"43":1,"44":1,"45":0,"46":0,"47":1,"48":1,"49":0,"50":1,"51":1,"52":2,"53":2,"54":3,"55":2,"56":2,"57":0,"58":2,"59":2,"60":1,"61":1,"62":1,"63":3},"f":{"0":3,"1":2,"2":5,"3":7,"4":3,"5":2},"b":{"0":[3,0],"1":[2,0],"2":[3,2],"3":[3,4],"4":[2,2],"5":[1,2],"6":[1,1],"7":[1,0],"8":[0,1],"9":[0,2],"10":[1,1]},"_coverageSchema":"1a1c01bbd47fc00a2c39e90264f33305004495a9","hash":"98103f44fad728ef8e12b6c981e9b4ef4160c662"}
,"D:\\Otodidak\\DICODING\\proyekStupend\\backend-learning-app\\src\\validations\\developer_journey.js": {"path":"D:\\Otodidak\\DICODING\\proyekStupend\\backend-learning-app\\src\\validations\\developer_journey.js","statementMap":{"0":{"start":{"line":1,"column":12},"end":{"line":1,"column":26}},"1":{"start":{"line":3,"column":28},"end":{"line":13,"column":2}},"2":{"start":{"line":15,"column":28},"end":{"line":25,"column":9}},"3":{"start":{"line":27,"column":0},"end":{"line":27,"column":62}}},"fnMap":{},"branchMap":{},"s":{"0":1,"1":1,"2":1,"3":1},"f":{},"b":{},"_coverageSchema":"1a1c01bbd47fc00a2c39e90264f33305004495a9","hash":"79c0cb88bc697dd066aa2a00089aea8aa21268d5"}
,"D:\\Otodidak\\DICODING\\proyekStupend\\backend-learning-app\\src\\validations\\developer_journey_tutorial.js": {"path":"D:\\Otodidak\\DICODING\\proyekStupend\\backend-learning-app\\src\\validations\\developer_journey_tutorial.js","statementMap":{"0":{"start":{"line":1,"column":12},"end":{"line":1,"column":26}},"1":{"start":{"line":3,"column":29},"end":{"line":7,"column":2}},"2":{"start":{"line":9,"column":29},"end":{"line":13,"column":2}},"3":{"start":{"line":15,"column":0},"end":{"line":15,"column":64}}},"fnMap":{},"branchMap":{},"s":{"0":2,"1":2,"2":2,"3":2},"f":{},"b":{},"_coverageSchema":"1a1c01bbd47fc00a2c39e90264f33305004495a9","hash":"aa81b18bff1030af32f027af487072636bf8b76d"}
,"D:\\Otodidak\\DICODING\\proyekStupend\\backend-learning-app\\src\\validations\\developer_journey_tutorial_questions.js": {"path":"D:\\Otodidak\\DICODING\\proyekStupend\\backend-learning-app\\src\\validations\\developer_journey_tutorial_questions.js","statementMap":{"0":{"start":{"line":1,"column":12},"end":{"line":1,"column":26}},"1":{"start":{"line":3,"column":37},"end":{"line":6,"column":2}},"2":{"start":{"line":8,"column":37},"end":{"line":11,"column":2}},"3":{"start":{"line":12,"column":0},"end":{"line":12,"column":80}}},"fnMap":{},"branchMap":{},"s":{"0":2,"1":2,"2":2,"3":2},"f":{},"b":{},"_coverageSchema":"1a1c01bbd47fc00a2c39e90264f33305004495a9","hash":"aa58ae93f4d88e79f0e811ce35cc36f25df1a3c2"}
,"D:\\Otodidak\\DICODING\\proyekStupend\\backend-learning-app\\src\\validations\\tutorial_questions_options.js": {"path":"D:\\Otodidak\\DICODING\\proyekStupend\\backend-learning-app\\src\\validations\\tutorial_questions_options.js","statementMap":{"0":{"start":{"line":1,"column":12},"end":{"line":1,"column":26}},"1":{"start":{"line":4,"column":45},"end":{"line":7,"column":2}},"2":{"start":{"line":9,"column":45},"end":{"line":11,"column":2}},"3":{"start":{"line":13,"column":0},"end":{"line":13,"column":96}}},"fnMap":{},"branchMap":{},"s":{"0":1,"1":1,"2":1,"3":1},"f":{},"b":{},"_coverageSchema":"1a1c01bbd47fc00a2c39e90264f33305004495a9","hash":"db505ecf6dd8760171c6fc0d0affc1fcdea7bb21"}
,"D:\\Otodidak\\DICODING\\proyekStupend\\backend-learning-app\\src\\validations\\user.js": {"path":"D:\\Otodidak\\DICODING\\proyekStupend\\backend-learning-app\\src\\validations\\user.js","statementMap":{"0":{"start":{"line":1,"column":12},"end":{"line":1,"column":26}},"1":{"start":{"line":3,"column":27},"end":{"line":10,"column":2}},"2":{"start":{"line":12,"column":24},"end":{"line":15,"column":2}},"3":{"start":{"line":17,"column":0},"end":{"line":17,"column":57}}},"fnMap":{},"branchMap":{},"s":{"0":2,"1":2,"2":2,"3":2},"f":{},"b":{},"_coverageSchema":"1a1c01bbd47fc00a2c39e90264f33305004495a9","hash":"e92e4fd73e07e84d22cdb8aff3822f9bdc0a1e27"}
}
