TN:
SF:src\api\developer_journey_tutorial_questions\controller.js
FN:9,(anonymous_0)
FN:23,(anonymous_1)
FN:37,(anonymous_2)
FN:51,(anonymous_3)
FN:64,(anonymous_4)
FNF:5
FNH:5
FNDA:7,(anonymous_0)
FNDA:7,(anonymous_1)
FNDA:6,(anonymous_2)
FNDA:7,(anonymous_3)
FNDA:7,(anonymous_4)
DA:1,2
DA:7,2
DA:9,2
DA:10,7
DA:11,7
DA:12,7
DA:13,4
DA:19,3
DA:23,2
DA:24,7
DA:26,7
DA:27,2
DA:33,5
DA:37,2
DA:38,6
DA:39,6
DA:40,6
DA:41,2
DA:47,4
DA:51,2
DA:52,7
DA:53,7
DA:54,3
DA:60,4
DA:64,2
DA:65,7
DA:66,7
DA:67,2
DA:73,5
DA:78,2
LF:30
LH:30
BRF:0
BRH:0
end_of_record
TN:
SF:src\api\developer_journey_tutorial_questions\router.js
FNF:0
FNH:0
DA:1,1
DA:2,1
DA:3,1
DA:4,1
DA:6,1
DA:7,1
DA:9,1
DA:10,1
DA:11,1
DA:12,1
DA:13,1
DA:15,1
LF:12
LH:12
BRF:0
BRH:0
end_of_record
TN:
SF:src\api\developer_journey_tutorials\controller.js
FN:11,(anonymous_0)
FN:25,(anonymous_1)
FN:39,(anonymous_2)
FN:52,(anonymous_3)
FN:65,(anonymous_4)
FNF:5
FNH:5
FNDA:2,(anonymous_0)
FNDA:2,(anonymous_1)
FNDA:2,(anonymous_2)
FNDA:2,(anonymous_3)
FNDA:2,(anonymous_4)
DA:1,2
DA:9,2
DA:11,2
DA:12,2
DA:13,2
DA:14,2
DA:15,1
DA:21,1
DA:25,2
DA:26,2
DA:27,2
DA:28,2
DA:29,1
DA:35,1
DA:39,2
DA:40,2
DA:41,2
DA:42,1
DA:48,1
DA:52,2
DA:53,2
DA:54,2
DA:55,1
DA:61,1
DA:65,2
DA:66,2
DA:67,2
DA:68,2
DA:69,1
DA:75,1
DA:79,2
LF:31
LH:31
BRF:0
BRH:0
end_of_record
TN:
SF:src\api\developer_journey_tutorials\router.js
FNF:0
FNH:0
DA:1,1
DA:2,1
DA:3,1
DA:4,1
DA:7,1
DA:8,1
DA:10,1
DA:11,1
DA:12,1
DA:13,1
DA:14,1
DA:16,1
LF:12
LH:12
BRF:0
BRH:0
end_of_record
TN:
SF:src\api\developer_journeys\controller.js
FN:5,(anonymous_0)
FN:18,(anonymous_1)
FN:31,(anonymous_2)
FN:44,(anonymous_3)
FN:57,(anonymous_4)
FNF:5
FNH:5
FNDA:2,(anonymous_0)
FNDA:2,(anonymous_1)
FNDA:2,(anonymous_2)
FNDA:2,(anonymous_3)
FNDA:2,(anonymous_4)
DA:1,1
DA:3,1
DA:5,1
DA:6,2
DA:7,2
DA:8,1
DA:14,1
DA:18,1
DA:19,2
DA:20,2
DA:21,1
DA:27,1
DA:31,1
DA:32,2
DA:33,2
DA:34,1
DA:40,1
DA:44,1
DA:45,2
DA:46,2
DA:47,1
DA:53,1
DA:57,1
DA:58,2
DA:59,2
DA:60,1
DA:66,1
DA:70,1
LF:28
LH:28
BRF:0
BRH:0
end_of_record
TN:
SF:src\api\developer_journeys\router.js
FNF:0
FNH:0
DA:1,0
DA:2,0
DA:3,0
DA:4,0
DA:6,0
DA:7,0
DA:10,0
DA:13,0
DA:15,0
DA:16,0
DA:18,0
LF:11
LH:0
BRF:0
BRH:0
end_of_record
TN:
SF:src\api\tutorial_questions_options\controller.js
FN:11,(anonymous_0)
FN:24,(anonymous_1)
FN:37,(anonymous_2)
FN:50,(anonymous_3)
FNF:4
FNH:4
FNDA:2,(anonymous_0)
FNDA:2,(anonymous_1)
FNDA:2,(anonymous_2)
FNDA:2,(anonymous_3)
DA:1,1
DA:9,1
DA:11,1
DA:12,2
DA:13,2
DA:14,1
DA:20,1
DA:24,1
DA:25,2
DA:26,2
DA:27,1
DA:33,1
DA:37,1
DA:38,2
DA:39,2
DA:40,1
DA:46,1
DA:50,1
DA:51,2
DA:53,2
DA:54,1
DA:60,1
DA:64,1
LF:23
LH:23
BRF:0
BRH:0
end_of_record
TN:
SF:src\api\tutorial_questions_options\router.js
FNF:0
FNH:0
DA:1,0
DA:2,0
DA:3,0
DA:4,0
DA:6,0
DA:8,0
DA:10,0
DA:11,0
DA:12,0
DA:13,0
DA:15,0
LF:11
LH:0
BRF:0
BRH:0
end_of_record
TN:
SF:src\api\users\controller.js
FN:4,(anonymous_0)
FN:16,(anonymous_1)
FN:28,(anonymous_2)
FN:40,(anonymous_3)
FNF:4
FNH:4
FNDA:4,(anonymous_0)
FNDA:4,(anonymous_1)
FNDA:2,(anonymous_2)
FNDA:2,(anonymous_3)
DA:1,2
DA:2,2
DA:4,2
DA:5,4
DA:6,4
DA:7,2
DA:12,2
DA:16,2
DA:17,4
DA:18,4
DA:19,2
DA:24,2
DA:28,2
DA:29,2
DA:30,2
DA:31,1
DA:36,1
DA:40,2
DA:41,2
DA:42,2
DA:43,1
DA:48,1
DA:53,2
LF:23
LH:23
BRF:0
BRH:0
end_of_record
TN:
SF:src\api\users\router.js
FNF:0
FNH:0
DA:1,1
DA:3,1
DA:4,1
DA:5,1
DA:6,1
DA:8,1
DA:9,1
DA:10,1
DA:11,1
DA:14,1
LF:10
LH:10
BRF:0
BRH:0
end_of_record
TN:
SF:src\errors\bad-request.js
FN:6,(anonymous_0)
FNF:1
FNH:1
FNDA:30,(anonymous_0)
DA:1,16
DA:3,16
DA:7,30
DA:9,30
DA:13,16
LF:5
LH:5
BRF:0
BRH:0
end_of_record
TN:
SF:src\errors\custome-api-error.js
FN:2,(anonymous_0)
FNF:1
FNH:1
FNDA:106,(anonymous_0)
DA:3,106
DA:7,16
LF:2
LH:2
BRF:0
BRH:0
end_of_record
TN:
SF:src\errors\index.js
FNF:0
FNH:0
DA:1,15
DA:2,15
DA:3,15
DA:4,15
DA:5,15
DA:7,15
LF:6
LH:6
BRF:0
BRH:0
end_of_record
TN:
SF:src\errors\not-found.js
FN:6,(anonymous_0)
FNF:1
FNH:1
FNDA:38,(anonymous_0)
DA:1,15
DA:3,15
DA:7,38
DA:9,38
DA:13,15
LF:5
LH:5
BRF:0
BRH:0
end_of_record
TN:
SF:src\errors\unauthenticated.js
FN:5,(anonymous_0)
FNF:1
FNH:1
FNDA:38,(anonymous_0)
DA:1,15
DA:2,15
DA:6,38
DA:7,38
DA:11,15
LF:5
LH:5
BRF:0
BRH:0
end_of_record
TN:
SF:src\errors\unauthorized.js
FN:5,(anonymous_0)
FNF:1
FNH:0
FNDA:0,(anonymous_0)
DA:1,15
DA:2,15
DA:6,0
DA:7,0
DA:11,15
LF:5
LH:3
BRF:0
BRH:0
end_of_record
TN:
SF:src\middlewares\auth.js
FN:4,(anonymous_0)
FNF:1
FNH:1
FNDA:37,(anonymous_0)
DA:1,3
DA:2,3
DA:4,3
DA:5,37
DA:6,37
DA:8,37
DA:9,12
DA:12,25
DA:14,25
DA:16,16
DA:22,16
DA:24,21
DA:25,2
DA:27,19
DA:28,7
DA:30,12
DA:34,3
LF:17
LH:17
BRDA:8,0,0,12
BRDA:8,0,1,25
BRDA:8,1,0,37
BRDA:8,1,1,28
BRDA:14,2,0,25
BRDA:14,2,1,0
BRDA:24,3,0,2
BRDA:24,3,1,19
BRDA:27,4,0,7
BRDA:27,4,1,12
BRF:10
BRH:9
end_of_record
TN:
SF:src\middlewares\handle-errors.js
FN:3,(anonymous_0)
FNF:1
FNH:1
FNDA:18,(anonymous_0)
DA:1,3
DA:3,3
DA:4,18
DA:5,18
DA:8,18
DA:9,0
DA:10,0
DA:14,18
DA:15,0
DA:16,0
DA:19,18
DA:28,3
LF:12
LH:8
BRDA:4,0,0,18
BRDA:4,0,1,0
BRDA:5,1,0,18
BRDA:5,1,1,0
BRDA:8,2,0,0
BRDA:8,2,1,18
BRDA:14,3,0,0
BRDA:14,3,1,18
BRF:8
BRH:4
end_of_record
TN:
SF:src\middlewares\not-found.js
FN:1,(anonymous_0)
FNF:1
FNH:1
FNDA:15,(anonymous_0)
DA:1,2
DA:2,15
DA:4,2
LF:3
LH:3
BRF:0
BRH:0
end_of_record
TN:
SF:src\middlewares\validate.js
FN:3,(anonymous_0)
FN:3,(anonymous_1)
FNF:2
FNH:2
FNDA:15,(anonymous_0)
FNDA:22,(anonymous_1)
DA:1,4
DA:3,15
DA:4,22
DA:6,22
DA:7,9
DA:10,13
DA:13,4
LF:7
LH:7
BRDA:6,0,0,9
BRDA:6,0,1,13
BRF:2
BRH:2
end_of_record
TN:
SF:src\services\prisma\developer_journey_tutorial_questions.js
FN:6,(anonymous_0)
FN:24,(anonymous_1)
FN:68,(anonymous_2)
FN:102,(anonymous_3)
FN:166,(anonymous_4)
FNF:5
FNH:5
FNDA:7,(anonymous_0)
FNDA:9,(anonymous_1)
FNDA:7,(anonymous_2)
FNDA:10,(anonymous_3)
FNDA:8,(anonymous_4)
DA:1,3
DA:2,3
DA:4,3
DA:6,3
DA:7,7
DA:13,7
DA:14,3
DA:17,4
DA:24,3
DA:25,9
DA:26,9
DA:27,9
DA:30,9
DA:36,8
DA:37,3
DA:41,5
DA:49,5
DA:50,3
DA:53,2
DA:61,2
DA:63,7
DA:64,7
DA:68,3
DA:70,7
DA:76,7
DA:77,2
DA:81,5
DA:95,5
DA:96,3
DA:99,2
DA:102,3
DA:103,10
DA:104,10
DA:105,10
DA:106,10
DA:111,10
DA:112,2
DA:115,8
DA:122,8
DA:123,3
DA:127,5
DA:128,5
DA:135,5
DA:136,5
DA:138,5
DA:142,5
DA:143,2
DA:147,3
DA:148,3
DA:149,3
DA:151,3
DA:159,3
DA:161,7
DA:162,7
DA:166,3
DA:167,8
DA:168,8
DA:173,8
DA:174,2
DA:176,6
DA:183,6
DA:184,3
DA:187,3
DA:193,3
DA:199,3
DA:202,3
LF:66
LH:66
BRDA:13,0,0,3
BRDA:13,0,1,4
BRDA:36,1,0,3
BRDA:36,1,1,5
BRDA:49,2,0,3
BRDA:49,2,1,2
BRDA:76,3,0,2
BRDA:76,3,1,5
BRDA:95,4,0,3
BRDA:95,4,1,2
BRDA:111,5,0,2
BRDA:111,5,1,8
BRDA:122,6,0,3
BRDA:122,6,1,5
BRDA:127,7,0,5
BRDA:127,7,1,0
BRDA:127,8,0,5
BRDA:127,8,1,1
BRDA:135,9,0,4
BRDA:135,9,1,1
BRDA:136,10,0,5
BRDA:136,10,1,0
BRDA:142,11,0,2
BRDA:142,11,1,3
BRDA:148,12,0,2
BRDA:148,12,1,1
BRDA:149,13,0,3
BRDA:149,13,1,0
BRDA:173,14,0,2
BRDA:173,14,1,6
BRDA:183,15,0,3
BRDA:183,15,1,3
BRF:32
BRH:29
end_of_record
TN:
SF:src\services\prisma\developer_journey_tutorials.js
FN:6,(anonymous_0)
FN:35,(anonymous_1)
FN:76,(anonymous_2)
FN:119,(anonymous_3)
FN:205,(anonymous_4)
FNF:5
FNH:4
FNDA:2,(anonymous_0)
FNDA:2,(anonymous_1)
FNDA:3,(anonymous_2)
FNDA:0,(anonymous_3)
FNDA:1,(anonymous_4)
DA:1,3
DA:2,3
DA:4,3
DA:6,3
DA:8,2
DA:14,2
DA:15,1
DA:18,1
DA:32,1
DA:35,3
DA:37,2
DA:43,2
DA:44,0
DA:47,2
DA:69,2
DA:70,1
DA:73,1
DA:76,3
DA:77,3
DA:78,3
DA:79,3
DA:81,3
DA:84,3
DA:90,3
DA:91,1
DA:94,2
DA:101,2
DA:103,1
DA:112,1
DA:114,2
DA:115,2
DA:119,3
DA:120,0
DA:121,0
DA:122,0
DA:125,0
DA:131,0
DA:132,0
DA:136,0
DA:143,0
DA:144,0
DA:148,0
DA:149,0
DA:160,0
DA:161,0
DA:165,0
DA:177,0
DA:198,0
DA:200,0
DA:201,0
DA:205,3
DA:206,1
DA:207,1
DA:213,1
DA:214,0
DA:217,1
DA:224,1
DA:225,0
DA:228,1
DA:234,1
DA:240,1
DA:242,0
DA:243,0
DA:248,3
LF:64
LH:41
BRDA:14,0,0,1
BRDA:14,0,1,1
BRDA:43,1,0,0
BRDA:43,1,1,2
BRDA:69,2,0,1
BRDA:69,2,1,1
BRDA:90,3,0,1
BRDA:90,3,1,2
BRDA:101,4,0,1
BRDA:101,4,1,1
BRDA:131,5,0,0
BRDA:131,5,1,0
BRDA:143,6,0,0
BRDA:143,6,1,0
BRDA:148,7,0,0
BRDA:148,7,1,0
BRDA:148,8,0,0
BRDA:148,8,1,0
BRDA:152,9,0,0
BRDA:152,9,1,0
BRDA:153,10,0,0
BRDA:153,10,1,0
BRDA:160,11,0,0
BRDA:160,11,1,0
BRDA:170,12,0,0
BRDA:170,12,1,0
BRDA:171,13,0,0
BRDA:171,13,1,0
BRDA:172,14,0,0
BRDA:172,14,1,0
BRDA:213,15,0,0
BRDA:213,15,1,1
BRDA:224,16,0,0
BRDA:224,16,1,1
BRF:34
BRH:11
end_of_record
TN:
SF:src\services\prisma\developer_journeys.js
FN:6,(anonymous_0)
FN:15,(anonymous_1)
FN:55,(anonymous_2)
FN:81,(anonymous_3)
FN:143,(anonymous_4)
FNF:5
FNH:5
FNDA:1,(anonymous_0)
FNDA:3,(anonymous_1)
FNDA:3,(anonymous_2)
FNDA:4,(anonymous_3)
FNDA:2,(anonymous_4)
DA:1,2
DA:2,2
DA:4,2
DA:6,2
DA:7,1
DA:8,1
DA:10,0
DA:11,0
DA:15,2
DA:16,3
DA:27,3
DA:30,3
DA:31,3
DA:34,1
DA:48,1
DA:50,2
DA:51,2
DA:55,2
DA:56,3
DA:57,3
DA:59,3
DA:72,3
DA:74,1
DA:76,2
DA:77,2
DA:81,2
DA:82,4
DA:83,4
DA:94,4
DA:97,4
DA:101,4
DA:102,1
DA:106,3
DA:107,3
DA:114,3
DA:115,2
DA:120,1
DA:135,1
DA:137,3
DA:138,3
DA:143,2
DA:144,2
DA:145,2
DA:148,2
DA:152,2
DA:153,1
DA:157,1
DA:163,1
DA:164,1
DA:168,2
LF:50
LH:48
BRDA:31,0,0,2
BRDA:31,0,1,1
BRDA:72,1,0,2
BRDA:72,1,1,1
BRDA:101,2,0,1
BRDA:101,2,1,3
BRDA:106,3,0,3
BRDA:106,3,1,0
BRDA:114,4,0,2
BRDA:114,4,1,1
BRDA:152,5,0,1
BRDA:152,5,1,1
BRF:12
BRH:11
end_of_record
TN:
SF:src\services\prisma\tutorial_questions_options.js
FN:6,(anonymous_0)
FN:25,(anonymous_1)
FN:69,(anonymous_2)
FN:109,(anonymous_3)
FNF:4
FNH:4
FNDA:2,(anonymous_0)
FNDA:3,(anonymous_1)
FNDA:3,(anonymous_2)
FNDA:2,(anonymous_3)
DA:1,2
DA:2,2
DA:4,2
DA:6,2
DA:8,2
DA:14,2
DA:15,1
DA:18,1
DA:25,2
DA:26,3
DA:27,3
DA:29,3
DA:35,3
DA:36,1
DA:39,2
DA:47,2
DA:48,1
DA:51,1
DA:59,1
DA:63,2
DA:64,2
DA:69,2
DA:70,3
DA:71,3
DA:72,3
DA:78,3
DA:79,1
DA:82,2
DA:89,2
DA:90,1
DA:93,1
DA:101,1
DA:103,2
DA:104,2
DA:109,2
DA:110,2
DA:111,2
DA:116,2
DA:117,1
DA:119,1
DA:124,1
DA:126,1
DA:127,1
DA:131,2
LF:44
LH:44
BRDA:14,0,0,1
BRDA:14,0,1,1
BRDA:35,1,0,1
BRDA:35,1,1,2
BRDA:47,2,0,1
BRDA:47,2,1,1
BRDA:78,3,0,1
BRDA:78,3,1,2
BRDA:89,4,0,1
BRDA:89,4,1,1
BRDA:116,5,0,1
BRDA:116,5,1,1
BRF:12
BRH:12
end_of_record
TN:
SF:src\services\prisma\users.js
FN:8,(anonymous_0)
FN:20,(anonymous_1)
FN:31,(anonymous_2)
FN:72,(anonymous_3)
FN:121,(anonymous_4)
FN:168,(anonymous_5)
FNF:6
FNH:6
FNDA:3,(anonymous_0)
FNDA:2,(anonymous_1)
FNDA:5,(anonymous_2)
FNDA:7,(anonymous_3)
FNDA:3,(anonymous_4)
FNDA:2,(anonymous_5)
DA:1,3
DA:2,3
DA:3,3
DA:4,3
DA:6,3
DA:8,3
DA:9,3
DA:20,3
DA:21,2
DA:31,3
DA:32,5
DA:33,5
DA:35,5
DA:39,5
DA:40,3
DA:43,2
DA:45,2
DA:56,2
DA:67,3
DA:68,3
DA:72,3
DA:73,7
DA:74,7
DA:76,7
DA:80,7
DA:81,3
DA:84,4
DA:86,4
DA:87,2
DA:90,2
DA:91,2
DA:94,2
DA:100,2
DA:116,5
DA:117,5
DA:121,3
DA:122,3
DA:123,3
DA:125,3
DA:126,1
DA:129,2
DA:133,2
DA:134,1
DA:138,1
DA:139,1
DA:144,0
DA:145,0
DA:149,1
DA:153,1
DA:154,0
DA:156,1
DA:158,1
DA:163,2
DA:164,2
DA:168,3
DA:169,2
DA:171,2
DA:172,0
DA:175,2
DA:179,2
DA:180,1
DA:183,1
DA:187,1
DA:192,3
LF:64
LH:60
BRDA:15,0,0,3
BRDA:15,0,1,0
BRDA:26,1,0,2
BRDA:26,1,1,0
BRDA:39,2,0,3
BRDA:39,2,1,2
BRDA:80,3,0,3
BRDA:80,3,1,4
BRDA:86,4,0,2
BRDA:86,4,1,2
BRDA:125,5,0,1
BRDA:125,5,1,2
BRDA:133,6,0,1
BRDA:133,6,1,1
BRDA:141,7,0,1
BRDA:141,7,1,0
BRDA:153,8,0,0
BRDA:153,8,1,1
BRDA:171,9,0,0
BRDA:171,9,1,2
BRDA:179,10,0,1
BRDA:179,10,1,1
BRF:22
BRH:17
end_of_record
TN:
SF:src\validations\developer_journey.js
FNF:0
FNH:0
DA:1,1
DA:3,1
DA:15,1
DA:27,1
LF:4
LH:4
BRF:0
BRH:0
end_of_record
TN:
SF:src\validations\developer_journey_tutorial.js
FNF:0
FNH:0
DA:1,2
DA:3,2
DA:9,2
DA:15,2
LF:4
LH:4
BRF:0
BRH:0
end_of_record
TN:
SF:src\validations\developer_journey_tutorial_questions.js
FNF:0
FNH:0
DA:1,2
DA:3,2
DA:8,2
DA:12,2
LF:4
LH:4
BRF:0
BRH:0
end_of_record
TN:
SF:src\validations\tutorial_questions_options.js
FNF:0
FNH:0
DA:1,1
DA:4,1
DA:9,1
DA:13,1
LF:4
LH:4
BRF:0
BRH:0
end_of_record
TN:
SF:src\validations\user.js
FNF:0
FNH:0
DA:1,2
DA:3,2
DA:12,2
DA:17,2
LF:4
LH:4
BRF:0
BRH:0
end_of_record
